[0.948s] Invoking command in '/home/jaehyun-jeong/ros2-study/ros2_ws/src/my_py_pkg': AMENT_PREFIX_PATH=/home/jaehyun-jeong/ros2-study/ros2_ws/install/my_robot_interfaces:${AMENT_PREFIX_PATH} CMAKE_PREFIX_PATH=/home/jaehyun-jeong/ros2-study/ros2_ws/install/my_robot_interfaces:${CMAKE_PREFIX_PATH} DEBUGINFOD_URLS=https://debuginfod.ubuntu.com LD_LIBRARY_PATH=/home/jaehyun-jeong/ros2-study/ros2_ws/install/my_robot_interfaces/lib:/opt/ros/jazzy/opt/rviz_ogre_vendor/lib:/opt/ros/jazzy/lib/x86_64-linux-gnu:/opt/ros/jazzy/opt/gz_math_vendor/lib:/opt/ros/jazzy/opt/gz_utils_vendor/lib:/opt/ros/jazzy/opt/gz_cmake_vendor/lib:/opt/ros/jazzy/lib:/usr/local/cuda-12.3/lib64:/usr/local/cuda-12.3/lib64:/home/jaehyun-jeong/.mujoco/mujoco210/bin:/usr/lib/nvidia:/home/jaehyun-jeong/.mujoco/mujoco210/bin:/usr/lib/nvidia PYTHONPATH=/home/jaehyun-jeong/ros2-study/ros2_ws/build/my_py_pkg/prefix_override:/usr/lib/python3/dist-packages/colcon_core/task/python/colcon_distutils_commands:/home/jaehyun-jeong/ros2-study/ros2_ws/install/my_py_pkg/lib/python3.12/site-packages:/home/jaehyun-jeong/ros2-study/ros2_ws/install/my_robot_interfaces/lib/python3.12/site-packages:${PYTHONPATH} /usr/bin/python3 -W ignore:setup.py install is deprecated -W ignore:easy_install command is deprecated setup.py egg_info --egg-base ../../build/my_py_pkg build --build-base /home/jaehyun-jeong/ros2-study/ros2_ws/build/my_py_pkg/build install --record /home/jaehyun-jeong/ros2-study/ros2_ws/build/my_py_pkg/install.log --single-version-externally-managed install_data
[1.271s] running egg_info
[1.294s] writing ../../build/my_py_pkg/my_py_pkg.egg-info/PKG-INFO
[1.295s] writing dependency_links to ../../build/my_py_pkg/my_py_pkg.egg-info/dependency_links.txt
[1.295s] writing entry points to ../../build/my_py_pkg/my_py_pkg.egg-info/entry_points.txt
[1.295s] writing requirements to ../../build/my_py_pkg/my_py_pkg.egg-info/requires.txt
[1.295s] writing top-level names to ../../build/my_py_pkg/my_py_pkg.egg-info/top_level.txt
[1.344s] reading manifest file '../../build/my_py_pkg/my_py_pkg.egg-info/SOURCES.txt'
[1.345s] writing manifest file '../../build/my_py_pkg/my_py_pkg.egg-info/SOURCES.txt'
[1.345s] running build
[1.345s] running build_py
[1.345s] copying my_py_pkg/hardware_status_publisher.py -> /home/jaehyun-jeong/ros2-study/ros2_ws/build/my_py_pkg/build/lib/my_py_pkg
[1.345s] copying my_py_pkg/template_python_node.py -> /home/jaehyun-jeong/ros2-study/ros2_ws/build/my_py_pkg/build/lib/my_py_pkg
[1.346s] running install
[1.353s] running install_lib
[1.376s] copying /home/jaehyun-jeong/ros2-study/ros2_ws/build/my_py_pkg/build/lib/my_py_pkg/hardware_status_publisher.py -> /home/jaehyun-jeong/ros2-study/ros2_ws/install/my_py_pkg/lib/python3.12/site-packages/my_py_pkg
[1.377s] copying /home/jaehyun-jeong/ros2-study/ros2_ws/build/my_py_pkg/build/lib/my_py_pkg/template_python_node.py -> /home/jaehyun-jeong/ros2-study/ros2_ws/install/my_py_pkg/lib/python3.12/site-packages/my_py_pkg
[1.377s] byte-compiling /home/jaehyun-jeong/ros2-study/ros2_ws/install/my_py_pkg/lib/python3.12/site-packages/my_py_pkg/hardware_status_publisher.py to hardware_status_publisher.cpython-312.pyc
[1.378s] byte-compiling /home/jaehyun-jeong/ros2-study/ros2_ws/install/my_py_pkg/lib/python3.12/site-packages/my_py_pkg/template_python_node.py to template_python_node.cpython-312.pyc
[1.378s] running install_data
[1.379s] copying package.xml -> /home/jaehyun-jeong/ros2-study/ros2_ws/install/my_py_pkg/share/my_py_pkg
[1.379s] running install_egg_info
[1.405s] removing '/home/jaehyun-jeong/ros2-study/ros2_ws/install/my_py_pkg/lib/python3.12/site-packages/my_py_pkg-0.0.0-py3.12.egg-info' (and everything under it)
[1.405s] Copying ../../build/my_py_pkg/my_py_pkg.egg-info to /home/jaehyun-jeong/ros2-study/ros2_ws/install/my_py_pkg/lib/python3.12/site-packages/my_py_pkg-0.0.0-py3.12.egg-info
[1.406s] running install_scripts
[1.558s] Installing hw_status_publisher script to /home/jaehyun-jeong/ros2-study/ros2_ws/install/my_py_pkg/lib/my_py_pkg
[1.558s] writing list of installed files to '/home/jaehyun-jeong/ros2-study/ros2_ws/build/my_py_pkg/install.log'
[1.587s] Invoked command in '/home/jaehyun-jeong/ros2-study/ros2_ws/src/my_py_pkg' returned '0': AMENT_PREFIX_PATH=/home/jaehyun-jeong/ros2-study/ros2_ws/install/my_robot_interfaces:${AMENT_PREFIX_PATH} CMAKE_PREFIX_PATH=/home/jaehyun-jeong/ros2-study/ros2_ws/install/my_robot_interfaces:${CMAKE_PREFIX_PATH} DEBUGINFOD_URLS=https://debuginfod.ubuntu.com LD_LIBRARY_PATH=/home/jaehyun-jeong/ros2-study/ros2_ws/install/my_robot_interfaces/lib:/opt/ros/jazzy/opt/rviz_ogre_vendor/lib:/opt/ros/jazzy/lib/x86_64-linux-gnu:/opt/ros/jazzy/opt/gz_math_vendor/lib:/opt/ros/jazzy/opt/gz_utils_vendor/lib:/opt/ros/jazzy/opt/gz_cmake_vendor/lib:/opt/ros/jazzy/lib:/usr/local/cuda-12.3/lib64:/usr/local/cuda-12.3/lib64:/home/jaehyun-jeong/.mujoco/mujoco210/bin:/usr/lib/nvidia:/home/jaehyun-jeong/.mujoco/mujoco210/bin:/usr/lib/nvidia PYTHONPATH=/home/jaehyun-jeong/ros2-study/ros2_ws/build/my_py_pkg/prefix_override:/usr/lib/python3/dist-packages/colcon_core/task/python/colcon_distutils_commands:/home/jaehyun-jeong/ros2-study/ros2_ws/install/my_py_pkg/lib/python3.12/site-packages:/home/jaehyun-jeong/ros2-study/ros2_ws/install/my_robot_interfaces/lib/python3.12/site-packages:${PYTHONPATH} /usr/bin/python3 -W ignore:setup.py install is deprecated -W ignore:easy_install command is deprecated setup.py egg_info --egg-base ../../build/my_py_pkg build --build-base /home/jaehyun-jeong/ros2-study/ros2_ws/build/my_py_pkg/build install --record /home/jaehyun-jeong/ros2-study/ros2_ws/build/my_py_pkg/install.log --single-version-externally-managed install_data
