[1.315s] Invoking command in '/home/jaehyun-jeong/ros2-study/ros2_ws/src/my_py_pkg': DEBUGINFOD_URLS=https://debuginfod.ubuntu.com PYTHONPATH=/home/jaehyun-jeong/ros2-study/ros2_ws/build/my_py_pkg/prefix_override:/usr/lib/python3/dist-packages/colcon_core/task/python/colcon_distutils_commands:/home/jaehyun-jeong/ros2-study/ros2_ws/install/my_py_pkg/lib/python3.12/site-packages:${PYTHONPATH} /usr/bin/python3 -W ignore:setup.py install is deprecated -W ignore:easy_install command is deprecated setup.py egg_info --egg-base ../../build/my_py_pkg build --build-base /home/jaehyun-jeong/ros2-study/ros2_ws/build/my_py_pkg/build install --record /home/jaehyun-jeong/ros2-study/ros2_ws/build/my_py_pkg/install.log --single-version-externally-managed install_data
[1.638s] running egg_info
[1.638s] creating ../../build/my_py_pkg/my_py_pkg.egg-info
[1.661s] writing ../../build/my_py_pkg/my_py_pkg.egg-info/PKG-INFO
[1.661s] writing dependency_links to ../../build/my_py_pkg/my_py_pkg.egg-info/dependency_links.txt
[1.662s] writing requirements to ../../build/my_py_pkg/my_py_pkg.egg-info/requires.txt
[1.662s] writing top-level names to ../../build/my_py_pkg/my_py_pkg.egg-info/top_level.txt
[1.662s] writing manifest file '../../build/my_py_pkg/my_py_pkg.egg-info/SOURCES.txt'
[1.710s] reading manifest file '../../build/my_py_pkg/my_py_pkg.egg-info/SOURCES.txt'
[1.711s] writing manifest file '../../build/my_py_pkg/my_py_pkg.egg-info/SOURCES.txt'
[1.711s] running build
[1.712s] running build_py
[1.712s] creating /home/jaehyun-jeong/ros2-study/ros2_ws/build/my_py_pkg/build
[1.712s] creating /home/jaehyun-jeong/ros2-study/ros2_ws/build/my_py_pkg/build/lib
[1.712s] creating /home/jaehyun-jeong/ros2-study/ros2_ws/build/my_py_pkg/build/lib/my_py_pkg
[1.712s] copying my_py_pkg/__init__.py -> /home/jaehyun-jeong/ros2-study/ros2_ws/build/my_py_pkg/build/lib/my_py_pkg
[1.712s] running install
[1.719s] running install_lib
[1.744s] creating /home/jaehyun-jeong/ros2-study/ros2_ws/install/my_py_pkg/lib/python3.12/site-packages/my_py_pkg
[1.744s] copying /home/jaehyun-jeong/ros2-study/ros2_ws/build/my_py_pkg/build/lib/my_py_pkg/__init__.py -> /home/jaehyun-jeong/ros2-study/ros2_ws/install/my_py_pkg/lib/python3.12/site-packages/my_py_pkg
[1.745s] byte-compiling /home/jaehyun-jeong/ros2-study/ros2_ws/install/my_py_pkg/lib/python3.12/site-packages/my_py_pkg/__init__.py to __init__.cpython-312.pyc
[1.745s] running install_data
[1.745s] creating /home/jaehyun-jeong/ros2-study/ros2_ws/install/my_py_pkg/share/ament_index
[1.746s] creating /home/jaehyun-jeong/ros2-study/ros2_ws/install/my_py_pkg/share/ament_index/resource_index
[1.746s] creating /home/jaehyun-jeong/ros2-study/ros2_ws/install/my_py_pkg/share/ament_index/resource_index/packages
[1.746s] copying resource/my_py_pkg -> /home/jaehyun-jeong/ros2-study/ros2_ws/install/my_py_pkg/share/ament_index/resource_index/packages
[1.746s] copying package.xml -> /home/jaehyun-jeong/ros2-study/ros2_ws/install/my_py_pkg/share/my_py_pkg
[1.746s] running install_egg_info
[1.771s] Copying ../../build/my_py_pkg/my_py_pkg.egg-info to /home/jaehyun-jeong/ros2-study/ros2_ws/install/my_py_pkg/lib/python3.12/site-packages/my_py_pkg-0.0.0-py3.12.egg-info
[1.772s] running install_scripts
[1.932s] writing list of installed files to '/home/jaehyun-jeong/ros2-study/ros2_ws/build/my_py_pkg/install.log'
[1.961s] Invoked command in '/home/jaehyun-jeong/ros2-study/ros2_ws/src/my_py_pkg' returned '0': DEBUGINFOD_URLS=https://debuginfod.ubuntu.com PYTHONPATH=/home/jaehyun-jeong/ros2-study/ros2_ws/build/my_py_pkg/prefix_override:/usr/lib/python3/dist-packages/colcon_core/task/python/colcon_distutils_commands:/home/jaehyun-jeong/ros2-study/ros2_ws/install/my_py_pkg/lib/python3.12/site-packages:${PYTHONPATH} /usr/bin/python3 -W ignore:setup.py install is deprecated -W ignore:easy_install command is deprecated setup.py egg_info --egg-base ../../build/my_py_pkg build --build-base /home/jaehyun-jeong/ros2-study/ros2_ws/build/my_py_pkg/build install --record /home/jaehyun-jeong/ros2-study/ros2_ws/build/my_py_pkg/install.log --single-version-externally-managed install_data
