[0.018s] Invoking command in '/home/jaehyun-jeong/ros2-study/ros2_ws/build/my_cpp_pkg': CMAKE_PREFIX_PATH=${CMAKE_PREFIX_PATH}:/opt/ros/jazzy DEBUGINFOD_URLS=https://debuginfod.ubuntu.com /usr/bin/cmake /home/jaehyun-jeong/ros2-study/ros2_ws/src/my_cpp_pkg -DCMAKE_INSTALL_PREFIX=/home/jaehyun-jeong/ros2-study/ros2_ws/install/my_cpp_pkg
[0.164s] -- The C compiler identification is GNU 13.3.0
[0.294s] -- The CXX compiler identification is GNU 13.3.0
[0.320s] -- Detecting C compiler ABI info
[0.434s] -- Detecting C compiler ABI info - done
[0.446s] -- Check for working C compiler: /usr/bin/cc - skipped
[0.446s] -- Detecting C compile features
[0.447s] -- Detecting C compile features - done
[0.458s] -- Detecting CXX compiler ABI info
[0.577s] -- Detecting CXX compiler ABI info - done
[0.589s] -- Check for working CXX compiler: /usr/bin/c++ - skipped
[0.589s] -- Detecting CXX compile features
[0.590s] -- Detecting CXX compile features - done
[0.595s] -- Found ament_cmake: 2.5.4 (/opt/ros/jazzy/share/ament_cmake/cmake)
[0.778s] -- Found Python3: /usr/bin/python3 (found version "3.12.3") found components: Interpreter 
[1.010s] -- Found rclcpp: 28.1.13 (/opt/ros/jazzy/share/rclcpp/cmake)
[1.072s] -- Found rosidl_generator_c: 4.6.6 (/opt/ros/jazzy/share/rosidl_generator_c/cmake)
[1.090s] -- Found rosidl_generator_cpp: 4.6.6 (/opt/ros/jazzy/share/rosidl_generator_cpp/cmake)
[1.115s] -- Using all available rosidl_typesupport_c: rosidl_typesupport_fastrtps_c;rosidl_typesupport_introspection_c
[1.144s] -- Using all available rosidl_typesupport_cpp: rosidl_typesupport_fastrtps_cpp;rosidl_typesupport_introspection_cpp
[1.274s] -- Found rmw_implementation_cmake: 7.3.2 (/opt/ros/jazzy/share/rmw_implementation_cmake/cmake)
[1.278s] -- Found rmw_fastrtps_cpp: 8.4.3 (/opt/ros/jazzy/share/rmw_fastrtps_cpp/cmake)
[1.385s] -- Found OpenSSL: /usr/lib/x86_64-linux-gnu/libcrypto.so (found version "3.0.13")  
[1.413s] -- Found FastRTPS: /opt/ros/jazzy/include (Required is at least version "2.13") 
[1.442s] -- Using RMW implementation 'rmw_fastrtps_cpp' as default
[1.554s] -- Found ament_lint_auto: 0.17.3 (/opt/ros/jazzy/share/ament_lint_auto/cmake)
[1.691s] -- Added test 'lint_cmake' to check CMake code style
[1.693s] -- Added test 'xmllint' to check XML markup files
[1.695s] -- Configuring done (1.7s)
[1.701s] -- Generating done (0.0s)
[1.705s] -- Build files have been written to: /home/jaehyun-jeong/ros2-study/ros2_ws/build/my_cpp_pkg
[1.718s] Invoked command in '/home/jaehyun-jeong/ros2-study/ros2_ws/build/my_cpp_pkg' returned '0': CMAKE_PREFIX_PATH=${CMAKE_PREFIX_PATH}:/opt/ros/jazzy DEBUGINFOD_URLS=https://debuginfod.ubuntu.com /usr/bin/cmake /home/jaehyun-jeong/ros2-study/ros2_ws/src/my_cpp_pkg -DCMAKE_INSTALL_PREFIX=/home/jaehyun-jeong/ros2-study/ros2_ws/install/my_cpp_pkg
[1.721s] Invoking command in '/home/jaehyun-jeong/ros2-study/ros2_ws/build/my_cpp_pkg': CMAKE_PREFIX_PATH=${CMAKE_PREFIX_PATH}:/opt/ros/jazzy DEBUGINFOD_URLS=https://debuginfod.ubuntu.com /usr/bin/cmake --build /home/jaehyun-jeong/ros2-study/ros2_ws/build/my_cpp_pkg -- -j8 -l8
[1.769s] Invoked command in '/home/jaehyun-jeong/ros2-study/ros2_ws/build/my_cpp_pkg' returned '0': CMAKE_PREFIX_PATH=${CMAKE_PREFIX_PATH}:/opt/ros/jazzy DEBUGINFOD_URLS=https://debuginfod.ubuntu.com /usr/bin/cmake --build /home/jaehyun-jeong/ros2-study/ros2_ws/build/my_cpp_pkg -- -j8 -l8
[1.781s] Invoking command in '/home/jaehyun-jeong/ros2-study/ros2_ws/build/my_cpp_pkg': CMAKE_PREFIX_PATH=${CMAKE_PREFIX_PATH}:/opt/ros/jazzy DEBUGINFOD_URLS=https://debuginfod.ubuntu.com /usr/bin/cmake --install /home/jaehyun-jeong/ros2-study/ros2_ws/build/my_cpp_pkg
[1.790s] -- Install configuration: ""
[1.790s] -- Installing: /home/jaehyun-jeong/ros2-study/ros2_ws/install/my_cpp_pkg/share/ament_index/resource_index/package_run_dependencies/my_cpp_pkg
[1.790s] -- Installing: /home/jaehyun-jeong/ros2-study/ros2_ws/install/my_cpp_pkg/share/ament_index/resource_index/parent_prefix_path/my_cpp_pkg
[1.790s] -- Installing: /home/jaehyun-jeong/ros2-study/ros2_ws/install/my_cpp_pkg/share/my_cpp_pkg/environment/ament_prefix_path.sh
[1.791s] -- Installing: /home/jaehyun-jeong/ros2-study/ros2_ws/install/my_cpp_pkg/share/my_cpp_pkg/environment/ament_prefix_path.dsv
[1.791s] -- Installing: /home/jaehyun-jeong/ros2-study/ros2_ws/install/my_cpp_pkg/share/my_cpp_pkg/environment/path.sh
[1.791s] -- Installing: /home/jaehyun-jeong/ros2-study/ros2_ws/install/my_cpp_pkg/share/my_cpp_pkg/environment/path.dsv
[1.791s] -- Installing: /home/jaehyun-jeong/ros2-study/ros2_ws/install/my_cpp_pkg/share/my_cpp_pkg/local_setup.bash
[1.792s] -- Installing: /home/jaehyun-jeong/ros2-study/ros2_ws/install/my_cpp_pkg/share/my_cpp_pkg/local_setup.sh
[1.792s] -- Installing: /home/jaehyun-jeong/ros2-study/ros2_ws/install/my_cpp_pkg/share/my_cpp_pkg/local_setup.zsh
[1.792s] -- Installing: /home/jaehyun-jeong/ros2-study/ros2_ws/install/my_cpp_pkg/share/my_cpp_pkg/local_setup.dsv
[1.792s] -- Installing: /home/jaehyun-jeong/ros2-study/ros2_ws/install/my_cpp_pkg/share/my_cpp_pkg/package.dsv
[1.792s] -- Installing: /home/jaehyun-jeong/ros2-study/ros2_ws/install/my_cpp_pkg/share/ament_index/resource_index/packages/my_cpp_pkg
[1.793s] -- Installing: /home/jaehyun-jeong/ros2-study/ros2_ws/install/my_cpp_pkg/share/my_cpp_pkg/cmake/my_cpp_pkgConfig.cmake
[1.793s] -- Installing: /home/jaehyun-jeong/ros2-study/ros2_ws/install/my_cpp_pkg/share/my_cpp_pkg/cmake/my_cpp_pkgConfig-version.cmake
[1.793s] -- Installing: /home/jaehyun-jeong/ros2-study/ros2_ws/install/my_cpp_pkg/share/my_cpp_pkg/package.xml
[1.795s] Invoked command in '/home/jaehyun-jeong/ros2-study/ros2_ws/build/my_cpp_pkg' returned '0': CMAKE_PREFIX_PATH=${CMAKE_PREFIX_PATH}:/opt/ros/jazzy DEBUGINFOD_URLS=https://debuginfod.ubuntu.com /usr/bin/cmake --install /home/jaehyun-jeong/ros2-study/ros2_ws/build/my_cpp_pkg
