[0.010s] Invoking command in '/home/jaehyun-jeong/ros2-study/ros2_ws/build/my_robot_interfaces': CMAKE_PREFIX_PATH=${CMAKE_PREFIX_PATH}:/opt/ros/jazzy DEBUGINFOD_URLS=https://debuginfod.ubuntu.com /usr/bin/cmake /home/jaehyun-jeong/ros2-study/ros2_ws/src/my_robot_interfaces -DCMAKE_INSTALL_PREFIX=/home/jaehyun-jeong/ros2-study/ros2_ws/install/my_robot_interfaces
[0.069s] -- The C compiler identification is GNU 13.3.0
[0.136s] -- The CXX compiler identification is GNU 13.3.0
[0.154s] -- Detecting C compiler ABI info
[0.249s] -- Detecting C compiler ABI info - done
[0.260s] -- Check for working C compiler: /usr/bin/cc - skipped
[0.260s] -- Detecting C compile features
[0.261s] -- Detecting C compile features - done
[0.270s] -- Detecting CXX compiler ABI info
[0.377s] -- Detecting CXX compiler ABI info - done
[0.388s] -- Check for working CXX compiler: /usr/bin/c++ - skipped
[0.389s] -- Detecting CXX compile features
[0.389s] -- Detecting CXX compile features - done
[0.392s] -- Found ament_cmake: 2.5.4 (/opt/ros/jazzy/share/ament_cmake/cmake)
[0.546s] -- Found Python3: /usr/bin/python3 (found version "3.12.3") found components: Interpreter 
[0.660s] -- Found rosidl_default_generators: 1.6.0 (/opt/ros/jazzy/share/rosidl_default_generators/cmake)
[0.666s] -- Using all available rosidl_typesupport_c: rosidl_typesupport_fastrtps_c;rosidl_typesupport_introspection_c
[0.721s] -- Using all available rosidl_typesupport_cpp: rosidl_typesupport_fastrtps_cpp;rosidl_typesupport_introspection_cpp
[0.768s] -- Found rosidl_adapter: 4.6.6 (/opt/ros/jazzy/share/rosidl_adapter/cmake)
[1.408s] -- Found ament_cmake_ros: 0.12.0 (/opt/ros/jazzy/share/ament_cmake_ros/cmake)
[1.936s] -- Using all available rosidl_typesupport_c: rosidl_typesupport_fastrtps_c;rosidl_typesupport_introspection_c
[2.624s] -- Using all available rosidl_typesupport_cpp: rosidl_typesupport_fastrtps_cpp;rosidl_typesupport_introspection_cpp
[2.628s] -- Found python_cmake_module: 0.11.1 (/opt/ros/jazzy/share/python_cmake_module/cmake)
[2.774s] -- Found PythonExtra: /usr/bin/python3  
[3.259s] -- Found Python3: /usr/bin/python3 (found version "3.12.3") found components: Interpreter Development NumPy Development.Module Development.Embed 
[3.308s] -- Configuring done (3.3s)
[3.344s] -- Generating done (0.0s)
[3.356s] -- Build files have been written to: /home/jaehyun-jeong/ros2-study/ros2_ws/build/my_robot_interfaces
[3.364s] Invoked command in '/home/jaehyun-jeong/ros2-study/ros2_ws/build/my_robot_interfaces' returned '0': CMAKE_PREFIX_PATH=${CMAKE_PREFIX_PATH}:/opt/ros/jazzy DEBUGINFOD_URLS=https://debuginfod.ubuntu.com /usr/bin/cmake /home/jaehyun-jeong/ros2-study/ros2_ws/src/my_robot_interfaces -DCMAKE_INSTALL_PREFIX=/home/jaehyun-jeong/ros2-study/ros2_ws/install/my_robot_interfaces
[3.365s] Invoking command in '/home/jaehyun-jeong/ros2-study/ros2_ws/build/my_robot_interfaces': CMAKE_PREFIX_PATH=${CMAKE_PREFIX_PATH}:/opt/ros/jazzy DEBUGINFOD_URLS=https://debuginfod.ubuntu.com /usr/bin/cmake --build /home/jaehyun-jeong/ros2-study/ros2_ws/build/my_robot_interfaces -- -j8 -l8
[3.418s] [  2%] [34m[1mGenerating type hashes for ROS interfaces[0m
[3.428s] [  2%] Built target ament_cmake_python_copy_my_robot_interfaces
[3.685s] [  2%] Built target my_robot_interfaces__rosidl_generator_type_description
[3.696s] [  5%] [34m[1mGenerating C code for ROS interfaces[0m
[3.708s] [  8%] [34m[1mGenerating C++ code for ROS interfaces[0m
[3.735s] running egg_info
[3.736s] creating my_robot_interfaces.egg-info
[3.759s] writing my_robot_interfaces.egg-info/PKG-INFO
[3.759s] writing dependency_links to my_robot_interfaces.egg-info/dependency_links.txt
[3.760s] writing top-level names to my_robot_interfaces.egg-info/top_level.txt
[3.760s] writing manifest file 'my_robot_interfaces.egg-info/SOURCES.txt'
[3.832s] reading manifest file 'my_robot_interfaces.egg-info/SOURCES.txt'
[3.833s] writing manifest file 'my_robot_interfaces.egg-info/SOURCES.txt'
[3.864s] [  8%] Built target ament_cmake_python_build_my_robot_interfaces_egg
[3.959s] [  8%] Built target my_robot_interfaces__cpp
[4.002s] [ 17%] [32mBuilding C object CMakeFiles/my_robot_interfaces__rosidl_generator_c.dir/rosidl_generator_c/my_robot_interfaces/msg/detail/hardware_status__functions.c.o[0m
[4.002s] [ 17%] [32mBuilding C object CMakeFiles/my_robot_interfaces__rosidl_generator_c.dir/rosidl_generator_c/my_robot_interfaces/msg/detail/hardware_status__description.c.o[0m
[4.002s] [ 17%] [32mBuilding C object CMakeFiles/my_robot_interfaces__rosidl_generator_c.dir/rosidl_generator_c/my_robot_interfaces/msg/detail/hardware_status__type_support.c.o[0m
[4.074s] [ 20%] [32m[1mLinking C shared library libmy_robot_interfaces__rosidl_generator_c.so[0m
[4.114s] [ 20%] Built target my_robot_interfaces__rosidl_generator_c
[4.126s] [ 23%] [34m[1mGenerating C type support for eProsima Fast-RTPS[0m
[4.127s] [ 26%] [34m[1mGenerating C++ type support for eProsima Fast-RTPS[0m
[4.131s] [ 32%] [34m[1mGenerating C++ introspection for ROS interfaces[0m
[4.131s] [ 32%] [34m[1mGenerating C++ type support dispatch for ROS interfaces[0m
[4.132s] [ 35%] [34m[1mGenerating C introspection for ROS interfaces[0m
[4.132s] [ 38%] [34m[1mGenerating C type support dispatch for ROS interfaces[0m
[4.423s] [ 41%] [32mBuilding CXX object CMakeFiles/my_robot_interfaces__rosidl_typesupport_c.dir/rosidl_typesupport_c/my_robot_interfaces/msg/hardware_status__type_support.cpp.o[0m
[4.443s] [ 44%] [32mBuilding CXX object CMakeFiles/my_robot_interfaces__rosidl_typesupport_introspection_cpp.dir/rosidl_typesupport_introspection_cpp/my_robot_interfaces/msg/detail/hardware_status__type_support.cpp.o[0m
[4.517s] [ 47%] [32m[1mLinking CXX shared library libmy_robot_interfaces__rosidl_typesupport_c.so[0m
[4.625s] [ 50%] [32mBuilding CXX object CMakeFiles/my_robot_interfaces__rosidl_typesupport_cpp.dir/rosidl_typesupport_cpp/my_robot_interfaces/msg/hardware_status__type_support.cpp.o[0m
[4.630s] [ 52%] [32mBuilding C object CMakeFiles/my_robot_interfaces__rosidl_typesupport_introspection_c.dir/rosidl_typesupport_introspection_c/my_robot_interfaces/msg/detail/hardware_status__type_support.c.o[0m
[4.651s] [ 52%] Built target my_robot_interfaces__rosidl_typesupport_c
[4.683s] [ 55%] [32mBuilding CXX object CMakeFiles/my_robot_interfaces__rosidl_typesupport_fastrtps_cpp.dir/rosidl_typesupport_fastrtps_cpp/my_robot_interfaces/msg/detail/dds_fastrtps/hardware_status__type_support.cpp.o[0m
[4.695s] [ 58%] [32mBuilding CXX object CMakeFiles/my_robot_interfaces__rosidl_typesupport_fastrtps_c.dir/rosidl_typesupport_fastrtps_c/my_robot_interfaces/msg/detail/hardware_status__type_support_c.cpp.o[0m
[4.733s] [ 61%] [32m[1mLinking C shared library libmy_robot_interfaces__rosidl_typesupport_introspection_c.so[0m
[4.781s] [ 61%] Built target my_robot_interfaces__rosidl_typesupport_introspection_c
[5.046s] [ 64%] [32m[1mLinking CXX shared library libmy_robot_interfaces__rosidl_typesupport_introspection_cpp.so[0m
[5.079s] [ 67%] [32m[1mLinking CXX shared library libmy_robot_interfaces__rosidl_typesupport_cpp.so[0m
[5.134s] [ 67%] Built target my_robot_interfaces__rosidl_typesupport_cpp
[5.135s] [ 67%] Built target my_robot_interfaces__rosidl_typesupport_introspection_cpp
[5.307s] [ 70%] [32m[1mLinking CXX shared library libmy_robot_interfaces__rosidl_typesupport_fastrtps_cpp.so[0m
[5.309s] [ 73%] [32m[1mLinking CXX shared library libmy_robot_interfaces__rosidl_typesupport_fastrtps_c.so[0m
[5.403s] [ 73%] Built target my_robot_interfaces__rosidl_typesupport_fastrtps_c
[5.403s] [ 73%] Built target my_robot_interfaces__rosidl_typesupport_fastrtps_cpp
[5.426s] [ 73%] Built target my_robot_interfaces
[5.448s] [ 76%] [34m[1mGenerating Python code for ROS interfaces[0m
[5.740s] [ 76%] Built target my_robot_interfaces__py
[5.763s] [ 79%] [32mBuilding C object CMakeFiles/my_robot_interfaces__rosidl_generator_py.dir/rosidl_generator_py/my_robot_interfaces/msg/_hardware_status_s.c.o[0m
[5.933s] [ 82%] [32m[1mLinking C shared library libmy_robot_interfaces__rosidl_generator_py.so[0m
[5.976s] [ 82%] Built target my_robot_interfaces__rosidl_generator_py
[5.998s] [ 88%] [32mBuilding C object CMakeFiles/my_robot_interfaces_s__rosidl_typesupport_c.dir/rosidl_generator_py/my_robot_interfaces/_my_robot_interfaces_s.ep.rosidl_typesupport_c.c.o[0m
[5.998s] [ 91%] [32mBuilding C object CMakeFiles/my_robot_interfaces_s__rosidl_typesupport_introspection_c.dir/rosidl_generator_py/my_robot_interfaces/_my_robot_interfaces_s.ep.rosidl_typesupport_introspection_c.c.o[0m
[5.998s] [ 91%] [32mBuilding C object CMakeFiles/my_robot_interfaces_s__rosidl_typesupport_fastrtps_c.dir/rosidl_generator_py/my_robot_interfaces/_my_robot_interfaces_s.ep.rosidl_typesupport_fastrtps_c.c.o[0m
[6.113s] [ 97%] [32m[1mLinking C shared module rosidl_generator_py/my_robot_interfaces/my_robot_interfaces_s__rosidl_typesupport_introspection_c.so[0m
[6.113s] [ 97%] [32m[1mLinking C shared module rosidl_generator_py/my_robot_interfaces/my_robot_interfaces_s__rosidl_typesupport_c.so[0m
[6.124s] [100%] [32m[1mLinking C shared module rosidl_generator_py/my_robot_interfaces/my_robot_interfaces_s__rosidl_typesupport_fastrtps_c.so[0m
[6.148s] [100%] Built target my_robot_interfaces_s__rosidl_typesupport_c
[6.149s] [100%] Built target my_robot_interfaces_s__rosidl_typesupport_introspection_c
[6.160s] [100%] Built target my_robot_interfaces_s__rosidl_typesupport_fastrtps_c
[6.173s] Invoked command in '/home/jaehyun-jeong/ros2-study/ros2_ws/build/my_robot_interfaces' returned '0': CMAKE_PREFIX_PATH=${CMAKE_PREFIX_PATH}:/opt/ros/jazzy DEBUGINFOD_URLS=https://debuginfod.ubuntu.com /usr/bin/cmake --build /home/jaehyun-jeong/ros2-study/ros2_ws/build/my_robot_interfaces -- -j8 -l8
[6.184s] Invoking command in '/home/jaehyun-jeong/ros2-study/ros2_ws/build/my_robot_interfaces': CMAKE_PREFIX_PATH=${CMAKE_PREFIX_PATH}:/opt/ros/jazzy DEBUGINFOD_URLS=https://debuginfod.ubuntu.com /usr/bin/cmake --install /home/jaehyun-jeong/ros2-study/ros2_ws/build/my_robot_interfaces
[6.193s] -- Install configuration: ""
[6.193s] -- Installing: /home/jaehyun-jeong/ros2-study/ros2_ws/install/my_robot_interfaces/share/ament_index/resource_index/rosidl_interfaces/my_robot_interfaces
[6.193s] -- Installing: /home/jaehyun-jeong/ros2-study/ros2_ws/install/my_robot_interfaces/share/my_robot_interfaces/msg/HardwareStatus.json
[6.193s] -- Installing: /home/jaehyun-jeong/ros2-study/ros2_ws/install/my_robot_interfaces/include/my_robot_interfaces/my_robot_interfaces
[6.193s] -- Installing: /home/jaehyun-jeong/ros2-study/ros2_ws/install/my_robot_interfaces/include/my_robot_interfaces/my_robot_interfaces/msg
[6.193s] -- Installing: /home/jaehyun-jeong/ros2-study/ros2_ws/install/my_robot_interfaces/include/my_robot_interfaces/my_robot_interfaces/msg/detail
[6.194s] -- Installing: /home/jaehyun-jeong/ros2-study/ros2_ws/install/my_robot_interfaces/include/my_robot_interfaces/my_robot_interfaces/msg/detail/hardware_status__functions.c
[6.194s] -- Installing: /home/jaehyun-jeong/ros2-study/ros2_ws/install/my_robot_interfaces/include/my_robot_interfaces/my_robot_interfaces/msg/detail/hardware_status__type_support.c
[6.194s] -- Installing: /home/jaehyun-jeong/ros2-study/ros2_ws/install/my_robot_interfaces/include/my_robot_interfaces/my_robot_interfaces/msg/detail/hardware_status__functions.h
[6.194s] -- Installing: /home/jaehyun-jeong/ros2-study/ros2_ws/install/my_robot_interfaces/include/my_robot_interfaces/my_robot_interfaces/msg/detail/hardware_status__description.c
[6.194s] -- Installing: /home/jaehyun-jeong/ros2-study/ros2_ws/install/my_robot_interfaces/include/my_robot_interfaces/my_robot_interfaces/msg/detail/hardware_status__struct.h
[6.194s] -- Installing: /home/jaehyun-jeong/ros2-study/ros2_ws/install/my_robot_interfaces/include/my_robot_interfaces/my_robot_interfaces/msg/detail/hardware_status__type_support.h
[6.194s] -- Installing: /home/jaehyun-jeong/ros2-study/ros2_ws/install/my_robot_interfaces/include/my_robot_interfaces/my_robot_interfaces/msg/hardware_status.h
[6.194s] -- Installing: /home/jaehyun-jeong/ros2-study/ros2_ws/install/my_robot_interfaces/include/my_robot_interfaces/my_robot_interfaces/msg/rosidl_generator_c__visibility_control.h
[6.194s] -- Installing: /home/jaehyun-jeong/ros2-study/ros2_ws/install/my_robot_interfaces/share/my_robot_interfaces/environment/library_path.sh
[6.195s] -- Installing: /home/jaehyun-jeong/ros2-study/ros2_ws/install/my_robot_interfaces/share/my_robot_interfaces/environment/library_path.dsv
[6.195s] -- Installing: /home/jaehyun-jeong/ros2-study/ros2_ws/install/my_robot_interfaces/lib/libmy_robot_interfaces__rosidl_generator_c.so
[6.195s] -- Set non-toolchain portion of runtime path of "/home/jaehyun-jeong/ros2-study/ros2_ws/install/my_robot_interfaces/lib/libmy_robot_interfaces__rosidl_generator_c.so" to ""
[6.196s] -- Up-to-date: /home/jaehyun-jeong/ros2-study/ros2_ws/install/my_robot_interfaces/include/my_robot_interfaces/my_robot_interfaces
[6.196s] -- Up-to-date: /home/jaehyun-jeong/ros2-study/ros2_ws/install/my_robot_interfaces/include/my_robot_interfaces/my_robot_interfaces/msg
[6.196s] -- Installing: /home/jaehyun-jeong/ros2-study/ros2_ws/install/my_robot_interfaces/include/my_robot_interfaces/my_robot_interfaces/msg/rosidl_typesupport_fastrtps_c__visibility_control.h
[6.196s] -- Up-to-date: /home/jaehyun-jeong/ros2-study/ros2_ws/install/my_robot_interfaces/include/my_robot_interfaces/my_robot_interfaces/msg/detail
[6.196s] -- Installing: /home/jaehyun-jeong/ros2-study/ros2_ws/install/my_robot_interfaces/include/my_robot_interfaces/my_robot_interfaces/msg/detail/hardware_status__rosidl_typesupport_fastrtps_c.h
[6.196s] -- Installing: /home/jaehyun-jeong/ros2-study/ros2_ws/install/my_robot_interfaces/lib/libmy_robot_interfaces__rosidl_typesupport_fastrtps_c.so
[6.196s] -- Set non-toolchain portion of runtime path of "/home/jaehyun-jeong/ros2-study/ros2_ws/install/my_robot_interfaces/lib/libmy_robot_interfaces__rosidl_typesupport_fastrtps_c.so" to ""
[6.197s] -- Up-to-date: /home/jaehyun-jeong/ros2-study/ros2_ws/install/my_robot_interfaces/include/my_robot_interfaces/my_robot_interfaces
[6.197s] -- Up-to-date: /home/jaehyun-jeong/ros2-study/ros2_ws/install/my_robot_interfaces/include/my_robot_interfaces/my_robot_interfaces/msg
[6.197s] -- Installing: /home/jaehyun-jeong/ros2-study/ros2_ws/install/my_robot_interfaces/include/my_robot_interfaces/my_robot_interfaces/msg/rosidl_typesupport_introspection_c__visibility_control.h
[6.197s] -- Up-to-date: /home/jaehyun-jeong/ros2-study/ros2_ws/install/my_robot_interfaces/include/my_robot_interfaces/my_robot_interfaces/msg/detail
[6.197s] -- Up-to-date: /home/jaehyun-jeong/ros2-study/ros2_ws/install/my_robot_interfaces/include/my_robot_interfaces/my_robot_interfaces/msg/detail/hardware_status__type_support.c
[6.197s] -- Installing: /home/jaehyun-jeong/ros2-study/ros2_ws/install/my_robot_interfaces/include/my_robot_interfaces/my_robot_interfaces/msg/detail/hardware_status__rosidl_typesupport_introspection_c.h
[6.197s] -- Installing: /home/jaehyun-jeong/ros2-study/ros2_ws/install/my_robot_interfaces/lib/libmy_robot_interfaces__rosidl_typesupport_introspection_c.so
[6.198s] -- Set non-toolchain portion of runtime path of "/home/jaehyun-jeong/ros2-study/ros2_ws/install/my_robot_interfaces/lib/libmy_robot_interfaces__rosidl_typesupport_introspection_c.so" to ""
[6.198s] -- Installing: /home/jaehyun-jeong/ros2-study/ros2_ws/install/my_robot_interfaces/lib/libmy_robot_interfaces__rosidl_typesupport_c.so
[6.198s] -- Set non-toolchain portion of runtime path of "/home/jaehyun-jeong/ros2-study/ros2_ws/install/my_robot_interfaces/lib/libmy_robot_interfaces__rosidl_typesupport_c.so" to ""
[6.198s] -- Up-to-date: /home/jaehyun-jeong/ros2-study/ros2_ws/install/my_robot_interfaces/include/my_robot_interfaces/my_robot_interfaces
[6.199s] -- Up-to-date: /home/jaehyun-jeong/ros2-study/ros2_ws/install/my_robot_interfaces/include/my_robot_interfaces/my_robot_interfaces/msg
[6.199s] -- Up-to-date: /home/jaehyun-jeong/ros2-study/ros2_ws/install/my_robot_interfaces/include/my_robot_interfaces/my_robot_interfaces/msg/detail
[6.199s] -- Installing: /home/jaehyun-jeong/ros2-study/ros2_ws/install/my_robot_interfaces/include/my_robot_interfaces/my_robot_interfaces/msg/detail/hardware_status__struct.hpp
[6.199s] -- Installing: /home/jaehyun-jeong/ros2-study/ros2_ws/install/my_robot_interfaces/include/my_robot_interfaces/my_robot_interfaces/msg/detail/hardware_status__type_support.hpp
[6.199s] -- Installing: /home/jaehyun-jeong/ros2-study/ros2_ws/install/my_robot_interfaces/include/my_robot_interfaces/my_robot_interfaces/msg/detail/hardware_status__traits.hpp
[6.199s] -- Installing: /home/jaehyun-jeong/ros2-study/ros2_ws/install/my_robot_interfaces/include/my_robot_interfaces/my_robot_interfaces/msg/detail/hardware_status__builder.hpp
[6.199s] -- Installing: /home/jaehyun-jeong/ros2-study/ros2_ws/install/my_robot_interfaces/include/my_robot_interfaces/my_robot_interfaces/msg/rosidl_generator_cpp__visibility_control.hpp
[6.199s] -- Installing: /home/jaehyun-jeong/ros2-study/ros2_ws/install/my_robot_interfaces/include/my_robot_interfaces/my_robot_interfaces/msg/hardware_status.hpp
[6.199s] -- Up-to-date: /home/jaehyun-jeong/ros2-study/ros2_ws/install/my_robot_interfaces/include/my_robot_interfaces/my_robot_interfaces
[6.199s] -- Up-to-date: /home/jaehyun-jeong/ros2-study/ros2_ws/install/my_robot_interfaces/include/my_robot_interfaces/my_robot_interfaces/msg
[6.199s] -- Up-to-date: /home/jaehyun-jeong/ros2-study/ros2_ws/install/my_robot_interfaces/include/my_robot_interfaces/my_robot_interfaces/msg/detail
[6.200s] -- Installing: /home/jaehyun-jeong/ros2-study/ros2_ws/install/my_robot_interfaces/include/my_robot_interfaces/my_robot_interfaces/msg/detail/hardware_status__rosidl_typesupport_fastrtps_cpp.hpp
[6.200s] -- Installing: /home/jaehyun-jeong/ros2-study/ros2_ws/install/my_robot_interfaces/include/my_robot_interfaces/my_robot_interfaces/msg/detail/dds_fastrtps
[6.200s] -- Installing: /home/jaehyun-jeong/ros2-study/ros2_ws/install/my_robot_interfaces/include/my_robot_interfaces/my_robot_interfaces/msg/rosidl_typesupport_fastrtps_cpp__visibility_control.h
[6.200s] -- Installing: /home/jaehyun-jeong/ros2-study/ros2_ws/install/my_robot_interfaces/lib/libmy_robot_interfaces__rosidl_typesupport_fastrtps_cpp.so
[6.200s] -- Set non-toolchain portion of runtime path of "/home/jaehyun-jeong/ros2-study/ros2_ws/install/my_robot_interfaces/lib/libmy_robot_interfaces__rosidl_typesupport_fastrtps_cpp.so" to ""
[6.200s] -- Up-to-date: /home/jaehyun-jeong/ros2-study/ros2_ws/install/my_robot_interfaces/include/my_robot_interfaces/my_robot_interfaces
[6.200s] -- Up-to-date: /home/jaehyun-jeong/ros2-study/ros2_ws/install/my_robot_interfaces/include/my_robot_interfaces/my_robot_interfaces/msg
[6.200s] -- Up-to-date: /home/jaehyun-jeong/ros2-study/ros2_ws/install/my_robot_interfaces/include/my_robot_interfaces/my_robot_interfaces/msg/detail
[6.201s] -- Installing: /home/jaehyun-jeong/ros2-study/ros2_ws/install/my_robot_interfaces/include/my_robot_interfaces/my_robot_interfaces/msg/detail/hardware_status__rosidl_typesupport_introspection_cpp.hpp
[6.201s] -- Installing: /home/jaehyun-jeong/ros2-study/ros2_ws/install/my_robot_interfaces/include/my_robot_interfaces/my_robot_interfaces/msg/detail/hardware_status__type_support.cpp
[6.201s] -- Installing: /home/jaehyun-jeong/ros2-study/ros2_ws/install/my_robot_interfaces/lib/libmy_robot_interfaces__rosidl_typesupport_introspection_cpp.so
[6.201s] -- Set non-toolchain portion of runtime path of "/home/jaehyun-jeong/ros2-study/ros2_ws/install/my_robot_interfaces/lib/libmy_robot_interfaces__rosidl_typesupport_introspection_cpp.so" to ""
[6.201s] -- Installing: /home/jaehyun-jeong/ros2-study/ros2_ws/install/my_robot_interfaces/lib/libmy_robot_interfaces__rosidl_typesupport_cpp.so
[6.202s] -- Set non-toolchain portion of runtime path of "/home/jaehyun-jeong/ros2-study/ros2_ws/install/my_robot_interfaces/lib/libmy_robot_interfaces__rosidl_typesupport_cpp.so" to ""
[6.202s] -- Installing: /home/jaehyun-jeong/ros2-study/ros2_ws/install/my_robot_interfaces/share/my_robot_interfaces/environment/pythonpath.sh
[6.202s] -- Installing: /home/jaehyun-jeong/ros2-study/ros2_ws/install/my_robot_interfaces/share/my_robot_interfaces/environment/pythonpath.dsv
[6.202s] -- Installing: /home/jaehyun-jeong/ros2-study/ros2_ws/install/my_robot_interfaces/lib/python3.12/site-packages/my_robot_interfaces-0.0.0-py3.12.egg-info
[6.202s] -- Installing: /home/jaehyun-jeong/ros2-study/ros2_ws/install/my_robot_interfaces/lib/python3.12/site-packages/my_robot_interfaces-0.0.0-py3.12.egg-info/top_level.txt
[6.202s] -- Installing: /home/jaehyun-jeong/ros2-study/ros2_ws/install/my_robot_interfaces/lib/python3.12/site-packages/my_robot_interfaces-0.0.0-py3.12.egg-info/SOURCES.txt
[6.203s] -- Installing: /home/jaehyun-jeong/ros2-study/ros2_ws/install/my_robot_interfaces/lib/python3.12/site-packages/my_robot_interfaces-0.0.0-py3.12.egg-info/PKG-INFO
[6.203s] -- Installing: /home/jaehyun-jeong/ros2-study/ros2_ws/install/my_robot_interfaces/lib/python3.12/site-packages/my_robot_interfaces-0.0.0-py3.12.egg-info/dependency_links.txt
[6.203s] -- Installing: /home/jaehyun-jeong/ros2-study/ros2_ws/install/my_robot_interfaces/lib/python3.12/site-packages/my_robot_interfaces
[6.203s] -- Installing: /home/jaehyun-jeong/ros2-study/ros2_ws/install/my_robot_interfaces/lib/python3.12/site-packages/my_robot_interfaces/my_robot_interfaces_s__rosidl_typesupport_fastrtps_c.so
[6.203s] -- Installing: /home/jaehyun-jeong/ros2-study/ros2_ws/install/my_robot_interfaces/lib/python3.12/site-packages/my_robot_interfaces/_my_robot_interfaces_s.ep.rosidl_typesupport_introspection_c.c
[6.203s] -- Installing: /home/jaehyun-jeong/ros2-study/ros2_ws/install/my_robot_interfaces/lib/python3.12/site-packages/my_robot_interfaces/_my_robot_interfaces_s.ep.rosidl_typesupport_c.c
[6.203s] -- Installing: /home/jaehyun-jeong/ros2-study/ros2_ws/install/my_robot_interfaces/lib/python3.12/site-packages/my_robot_interfaces/my_robot_interfaces_s__rosidl_typesupport_introspection_c.so
[6.203s] -- Installing: /home/jaehyun-jeong/ros2-study/ros2_ws/install/my_robot_interfaces/lib/python3.12/site-packages/my_robot_interfaces/msg
[6.204s] -- Installing: /home/jaehyun-jeong/ros2-study/ros2_ws/install/my_robot_interfaces/lib/python3.12/site-packages/my_robot_interfaces/msg/_hardware_status.py
[6.204s] -- Installing: /home/jaehyun-jeong/ros2-study/ros2_ws/install/my_robot_interfaces/lib/python3.12/site-packages/my_robot_interfaces/msg/_hardware_status_s.c
[6.204s] -- Installing: /home/jaehyun-jeong/ros2-study/ros2_ws/install/my_robot_interfaces/lib/python3.12/site-packages/my_robot_interfaces/msg/__init__.py
[6.204s] -- Installing: /home/jaehyun-jeong/ros2-study/ros2_ws/install/my_robot_interfaces/lib/python3.12/site-packages/my_robot_interfaces/__init__.py
[6.204s] -- Installing: /home/jaehyun-jeong/ros2-study/ros2_ws/install/my_robot_interfaces/lib/python3.12/site-packages/my_robot_interfaces/_my_robot_interfaces_s.ep.rosidl_typesupport_fastrtps_c.c
[6.204s] -- Installing: /home/jaehyun-jeong/ros2-study/ros2_ws/install/my_robot_interfaces/lib/python3.12/site-packages/my_robot_interfaces/my_robot_interfaces_s__rosidl_typesupport_c.so
[6.249s] Listing '/home/jaehyun-jeong/ros2-study/ros2_ws/install/my_robot_interfaces/lib/python3.12/site-packages/my_robot_interfaces'...
[6.249s] Compiling '/home/jaehyun-jeong/ros2-study/ros2_ws/install/my_robot_interfaces/lib/python3.12/site-packages/my_robot_interfaces/__init__.py'...
[6.249s] Listing '/home/jaehyun-jeong/ros2-study/ros2_ws/install/my_robot_interfaces/lib/python3.12/site-packages/my_robot_interfaces/msg'...
[6.249s] Compiling '/home/jaehyun-jeong/ros2-study/ros2_ws/install/my_robot_interfaces/lib/python3.12/site-packages/my_robot_interfaces/msg/__init__.py'...
[6.249s] Compiling '/home/jaehyun-jeong/ros2-study/ros2_ws/install/my_robot_interfaces/lib/python3.12/site-packages/my_robot_interfaces/msg/_hardware_status.py'...
[6.255s] -- Installing: /home/jaehyun-jeong/ros2-study/ros2_ws/install/my_robot_interfaces/lib/python3.12/site-packages/my_robot_interfaces/my_robot_interfaces_s__rosidl_typesupport_fastrtps_c.so
[6.255s] -- Set non-toolchain portion of runtime path of "/home/jaehyun-jeong/ros2-study/ros2_ws/install/my_robot_interfaces/lib/python3.12/site-packages/my_robot_interfaces/my_robot_interfaces_s__rosidl_typesupport_fastrtps_c.so" to ""
[6.256s] -- Installing: /home/jaehyun-jeong/ros2-study/ros2_ws/install/my_robot_interfaces/lib/python3.12/site-packages/my_robot_interfaces/my_robot_interfaces_s__rosidl_typesupport_introspection_c.so
[6.256s] -- Set non-toolchain portion of runtime path of "/home/jaehyun-jeong/ros2-study/ros2_ws/install/my_robot_interfaces/lib/python3.12/site-packages/my_robot_interfaces/my_robot_interfaces_s__rosidl_typesupport_introspection_c.so" to ""
[6.256s] -- Installing: /home/jaehyun-jeong/ros2-study/ros2_ws/install/my_robot_interfaces/lib/python3.12/site-packages/my_robot_interfaces/my_robot_interfaces_s__rosidl_typesupport_c.so
[6.257s] -- Set non-toolchain portion of runtime path of "/home/jaehyun-jeong/ros2-study/ros2_ws/install/my_robot_interfaces/lib/python3.12/site-packages/my_robot_interfaces/my_robot_interfaces_s__rosidl_typesupport_c.so" to ""
[6.257s] -- Installing: /home/jaehyun-jeong/ros2-study/ros2_ws/install/my_robot_interfaces/lib/libmy_robot_interfaces__rosidl_generator_py.so
[6.257s] -- Set non-toolchain portion of runtime path of "/home/jaehyun-jeong/ros2-study/ros2_ws/install/my_robot_interfaces/lib/libmy_robot_interfaces__rosidl_generator_py.so" to ""
[6.258s] -- Installing: /home/jaehyun-jeong/ros2-study/ros2_ws/install/my_robot_interfaces/share/my_robot_interfaces/msg/HardwareStatus.idl
[6.258s] -- Installing: /home/jaehyun-jeong/ros2-study/ros2_ws/install/my_robot_interfaces/share/my_robot_interfaces/msg/HardwareStatus.msg
[6.258s] -- Installing: /home/jaehyun-jeong/ros2-study/ros2_ws/install/my_robot_interfaces/share/ament_index/resource_index/package_run_dependencies/my_robot_interfaces
[6.258s] -- Installing: /home/jaehyun-jeong/ros2-study/ros2_ws/install/my_robot_interfaces/share/ament_index/resource_index/parent_prefix_path/my_robot_interfaces
[6.258s] -- Installing: /home/jaehyun-jeong/ros2-study/ros2_ws/install/my_robot_interfaces/share/my_robot_interfaces/environment/ament_prefix_path.sh
[6.258s] -- Installing: /home/jaehyun-jeong/ros2-study/ros2_ws/install/my_robot_interfaces/share/my_robot_interfaces/environment/ament_prefix_path.dsv
[6.259s] -- Installing: /home/jaehyun-jeong/ros2-study/ros2_ws/install/my_robot_interfaces/share/my_robot_interfaces/environment/path.sh
[6.259s] -- Installing: /home/jaehyun-jeong/ros2-study/ros2_ws/install/my_robot_interfaces/share/my_robot_interfaces/environment/path.dsv
[6.259s] -- Installing: /home/jaehyun-jeong/ros2-study/ros2_ws/install/my_robot_interfaces/share/my_robot_interfaces/local_setup.bash
[6.259s] -- Installing: /home/jaehyun-jeong/ros2-study/ros2_ws/install/my_robot_interfaces/share/my_robot_interfaces/local_setup.sh
[6.259s] -- Installing: /home/jaehyun-jeong/ros2-study/ros2_ws/install/my_robot_interfaces/share/my_robot_interfaces/local_setup.zsh
[6.260s] -- Installing: /home/jaehyun-jeong/ros2-study/ros2_ws/install/my_robot_interfaces/share/my_robot_interfaces/local_setup.dsv
[6.260s] -- Installing: /home/jaehyun-jeong/ros2-study/ros2_ws/install/my_robot_interfaces/share/my_robot_interfaces/package.dsv
[6.260s] -- Installing: /home/jaehyun-jeong/ros2-study/ros2_ws/install/my_robot_interfaces/share/ament_index/resource_index/packages/my_robot_interfaces
[6.260s] -- Installing: /home/jaehyun-jeong/ros2-study/ros2_ws/install/my_robot_interfaces/share/my_robot_interfaces/cmake/export_my_robot_interfaces__rosidl_generator_cExport.cmake
[6.260s] -- Installing: /home/jaehyun-jeong/ros2-study/ros2_ws/install/my_robot_interfaces/share/my_robot_interfaces/cmake/export_my_robot_interfaces__rosidl_generator_cExport-noconfig.cmake
[6.261s] -- Installing: /home/jaehyun-jeong/ros2-study/ros2_ws/install/my_robot_interfaces/share/my_robot_interfaces/cmake/export_my_robot_interfaces__rosidl_typesupport_fastrtps_cExport.cmake
[6.261s] -- Installing: /home/jaehyun-jeong/ros2-study/ros2_ws/install/my_robot_interfaces/share/my_robot_interfaces/cmake/export_my_robot_interfaces__rosidl_typesupport_fastrtps_cExport-noconfig.cmake
[6.261s] -- Installing: /home/jaehyun-jeong/ros2-study/ros2_ws/install/my_robot_interfaces/share/my_robot_interfaces/cmake/my_robot_interfaces__rosidl_typesupport_introspection_cExport.cmake
[6.261s] -- Installing: /home/jaehyun-jeong/ros2-study/ros2_ws/install/my_robot_interfaces/share/my_robot_interfaces/cmake/my_robot_interfaces__rosidl_typesupport_introspection_cExport-noconfig.cmake
[6.261s] -- Installing: /home/jaehyun-jeong/ros2-study/ros2_ws/install/my_robot_interfaces/share/my_robot_interfaces/cmake/my_robot_interfaces__rosidl_typesupport_cExport.cmake
[6.262s] -- Installing: /home/jaehyun-jeong/ros2-study/ros2_ws/install/my_robot_interfaces/share/my_robot_interfaces/cmake/my_robot_interfaces__rosidl_typesupport_cExport-noconfig.cmake
[6.262s] -- Installing: /home/jaehyun-jeong/ros2-study/ros2_ws/install/my_robot_interfaces/share/my_robot_interfaces/cmake/export_my_robot_interfaces__rosidl_generator_cppExport.cmake
[6.262s] -- Installing: /home/jaehyun-jeong/ros2-study/ros2_ws/install/my_robot_interfaces/share/my_robot_interfaces/cmake/export_my_robot_interfaces__rosidl_typesupport_fastrtps_cppExport.cmake
[6.262s] -- Installing: /home/jaehyun-jeong/ros2-study/ros2_ws/install/my_robot_interfaces/share/my_robot_interfaces/cmake/export_my_robot_interfaces__rosidl_typesupport_fastrtps_cppExport-noconfig.cmake
[6.262s] -- Installing: /home/jaehyun-jeong/ros2-study/ros2_ws/install/my_robot_interfaces/share/my_robot_interfaces/cmake/my_robot_interfaces__rosidl_typesupport_introspection_cppExport.cmake
[6.263s] -- Installing: /home/jaehyun-jeong/ros2-study/ros2_ws/install/my_robot_interfaces/share/my_robot_interfaces/cmake/my_robot_interfaces__rosidl_typesupport_introspection_cppExport-noconfig.cmake
[6.263s] -- Installing: /home/jaehyun-jeong/ros2-study/ros2_ws/install/my_robot_interfaces/share/my_robot_interfaces/cmake/my_robot_interfaces__rosidl_typesupport_cppExport.cmake
[6.263s] -- Installing: /home/jaehyun-jeong/ros2-study/ros2_ws/install/my_robot_interfaces/share/my_robot_interfaces/cmake/my_robot_interfaces__rosidl_typesupport_cppExport-noconfig.cmake
[6.263s] -- Installing: /home/jaehyun-jeong/ros2-study/ros2_ws/install/my_robot_interfaces/share/my_robot_interfaces/cmake/export_my_robot_interfaces__rosidl_generator_pyExport.cmake
[6.263s] -- Installing: /home/jaehyun-jeong/ros2-study/ros2_ws/install/my_robot_interfaces/share/my_robot_interfaces/cmake/export_my_robot_interfaces__rosidl_generator_pyExport-noconfig.cmake
[6.263s] -- Installing: /home/jaehyun-jeong/ros2-study/ros2_ws/install/my_robot_interfaces/share/my_robot_interfaces/cmake/rosidl_cmake-extras.cmake
[6.264s] -- Installing: /home/jaehyun-jeong/ros2-study/ros2_ws/install/my_robot_interfaces/share/my_robot_interfaces/cmake/ament_cmake_export_include_directories-extras.cmake
[6.264s] -- Installing: /home/jaehyun-jeong/ros2-study/ros2_ws/install/my_robot_interfaces/share/my_robot_interfaces/cmake/ament_cmake_export_libraries-extras.cmake
[6.264s] -- Installing: /home/jaehyun-jeong/ros2-study/ros2_ws/install/my_robot_interfaces/share/my_robot_interfaces/cmake/ament_cmake_export_targets-extras.cmake
[6.264s] -- Installing: /home/jaehyun-jeong/ros2-study/ros2_ws/install/my_robot_interfaces/share/my_robot_interfaces/cmake/rosidl_cmake_export_typesupport_targets-extras.cmake
[6.264s] -- Installing: /home/jaehyun-jeong/ros2-study/ros2_ws/install/my_robot_interfaces/share/my_robot_interfaces/cmake/ament_cmake_export_dependencies-extras.cmake
[6.265s] -- Installing: /home/jaehyun-jeong/ros2-study/ros2_ws/install/my_robot_interfaces/share/my_robot_interfaces/cmake/rosidl_cmake_export_typesupport_libraries-extras.cmake
[6.265s] -- Installing: /home/jaehyun-jeong/ros2-study/ros2_ws/install/my_robot_interfaces/share/my_robot_interfaces/cmake/my_robot_interfacesConfig.cmake
[6.265s] -- Installing: /home/jaehyun-jeong/ros2-study/ros2_ws/install/my_robot_interfaces/share/my_robot_interfaces/cmake/my_robot_interfacesConfig-version.cmake
[6.265s] -- Installing: /home/jaehyun-jeong/ros2-study/ros2_ws/install/my_robot_interfaces/share/my_robot_interfaces/package.xml
[6.268s] Invoked command in '/home/jaehyun-jeong/ros2-study/ros2_ws/build/my_robot_interfaces' returned '0': CMAKE_PREFIX_PATH=${CMAKE_PREFIX_PATH}:/opt/ros/jazzy DEBUGINFOD_URLS=https://debuginfod.ubuntu.com /usr/bin/cmake --install /home/jaehyun-jeong/ros2-study/ros2_ws/build/my_robot_interfaces
