[0.029s] Invoking command in '/home/jaehyun-jeong/ros2-study/ros2_ws/build/my_cpp_pkg': CMAKE_PREFIX_PATH=${CMAKE_PREFIX_PATH}:/opt/ros/jazzy DEBUGINFOD_URLS=https://debuginfod.ubuntu.com /usr/bin/cmake --build /home/jaehyun-jeong/ros2-study/ros2_ws/build/my_cpp_pkg -- -j8 -l8
[0.349s] Invoked command in '/home/jaehyun-jeong/ros2-study/ros2_ws/build/my_cpp_pkg' returned '0': CMAKE_PREFIX_PATH=${CMAKE_PREFIX_PATH}:/opt/ros/jazzy DEBUGINFOD_URLS=https://debuginfod.ubuntu.com /usr/bin/cmake --build /home/jaehyun-jeong/ros2-study/ros2_ws/build/my_cpp_pkg -- -j8 -l8
[0.360s] Invoking command in '/home/jaehyun-jeong/ros2-study/ros2_ws/build/my_cpp_pkg': CMAKE_PREFIX_PATH=${CMAKE_PREFIX_PATH}:/opt/ros/jazzy DEBUGINFOD_URLS=https://debuginfod.ubuntu.com /usr/bin/cmake --install /home/jaehyun-jeong/ros2-study/ros2_ws/build/my_cpp_pkg
[0.368s] -- Install configuration: ""
[0.368s] -- Up-to-date: /home/jaehyun-jeong/ros2-study/ros2_ws/install/my_cpp_pkg/share/ament_index/resource_index/package_run_dependencies/my_cpp_pkg
[0.368s] -- Up-to-date: /home/jaehyun-jeong/ros2-study/ros2_ws/install/my_cpp_pkg/share/ament_index/resource_index/parent_prefix_path/my_cpp_pkg
[0.368s] -- Up-to-date: /home/jaehyun-jeong/ros2-study/ros2_ws/install/my_cpp_pkg/share/my_cpp_pkg/environment/ament_prefix_path.sh
[0.369s] -- Up-to-date: /home/jaehyun-jeong/ros2-study/ros2_ws/install/my_cpp_pkg/share/my_cpp_pkg/environment/ament_prefix_path.dsv
[0.369s] -- Up-to-date: /home/jaehyun-jeong/ros2-study/ros2_ws/install/my_cpp_pkg/share/my_cpp_pkg/environment/path.sh
[0.369s] -- Up-to-date: /home/jaehyun-jeong/ros2-study/ros2_ws/install/my_cpp_pkg/share/my_cpp_pkg/environment/path.dsv
[0.369s] -- Up-to-date: /home/jaehyun-jeong/ros2-study/ros2_ws/install/my_cpp_pkg/share/my_cpp_pkg/local_setup.bash
[0.369s] -- Up-to-date: /home/jaehyun-jeong/ros2-study/ros2_ws/install/my_cpp_pkg/share/my_cpp_pkg/local_setup.sh
[0.369s] -- Up-to-date: /home/jaehyun-jeong/ros2-study/ros2_ws/install/my_cpp_pkg/share/my_cpp_pkg/local_setup.zsh
[0.370s] -- Up-to-date: /home/jaehyun-jeong/ros2-study/ros2_ws/install/my_cpp_pkg/share/my_cpp_pkg/local_setup.dsv
[0.370s] -- Up-to-date: /home/jaehyun-jeong/ros2-study/ros2_ws/install/my_cpp_pkg/share/my_cpp_pkg/package.dsv
[0.370s] -- Up-to-date: /home/jaehyun-jeong/ros2-study/ros2_ws/install/my_cpp_pkg/share/ament_index/resource_index/packages/my_cpp_pkg
[0.370s] -- Up-to-date: /home/jaehyun-jeong/ros2-study/ros2_ws/install/my_cpp_pkg/share/my_cpp_pkg/cmake/my_cpp_pkgConfig.cmake
[0.370s] -- Up-to-date: /home/jaehyun-jeong/ros2-study/ros2_ws/install/my_cpp_pkg/share/my_cpp_pkg/cmake/my_cpp_pkgConfig-version.cmake
[0.371s] -- Up-to-date: /home/jaehyun-jeong/ros2-study/ros2_ws/install/my_cpp_pkg/share/my_cpp_pkg/package.xml
[0.372s] Invoked command in '/home/jaehyun-jeong/ros2-study/ros2_ws/build/my_cpp_pkg' returned '0': CMAKE_PREFIX_PATH=${CMAKE_PREFIX_PATH}:/opt/ros/jazzy DEBUGINFOD_URLS=https://debuginfod.ubuntu.com /usr/bin/cmake --install /home/jaehyun-jeong/ros2-study/ros2_ws/build/my_cpp_pkg
