[0.024s] Invoking command in '/home/jaehyun-jeong/ros2-study/ros2_ws/build/my_cpp_pkg': CMAKE_PREFIX_PATH=${CMAKE_PREFIX_PATH}:/home/jaehyun-jeong/ros2-study/ros2_ws/install/my_py_pkg:/opt/ros/jazzy DEBUGINFOD_URLS=https://debuginfod.ubuntu.com LD_LIBRARY_PATH=/home/jaehyun-jeong/ros2-study/ros2_ws/install/my_robot_interfaces/lib:/opt/ros/jazzy/opt/rviz_ogre_vendor/lib:/opt/ros/jazzy/lib/x86_64-linux-gnu:/opt/ros/jazzy/opt/gz_math_vendor/lib:/opt/ros/jazzy/opt/gz_utils_vendor/lib:/opt/ros/jazzy/opt/gz_cmake_vendor/lib:/opt/ros/jazzy/lib:/usr/local/cuda-12.3/lib64:/usr/local/cuda-12.3/lib64:/home/jaehyun-jeong/.mujoco/mujoco210/bin:/usr/lib/nvidia:/home/jaehyun-jeong/.mujoco/mujoco210/bin:/usr/lib/nvidia PYTHONPATH=/home/jaehyun-jeong/ros2-study/ros2_ws/install/my_robot_interfaces/lib/python3.12/site-packages:/home/jaehyun-jeong/ros2-study/ros2_ws/install/my_py_pkg/lib/python3.12/site-packages:/opt/ros/jazzy/lib/python3.12/site-packages /usr/bin/cmake --build /home/jaehyun-jeong/ros2-study/ros2_ws/build/my_cpp_pkg -- -j8 -l8
[0.069s] -- Found ament_cmake: 2.5.4 (/opt/ros/jazzy/share/ament_cmake/cmake)
[0.318s] -- Found rclcpp: 28.1.13 (/opt/ros/jazzy/share/rclcpp/cmake)
[0.350s] -- Found rosidl_generator_c: 4.6.6 (/opt/ros/jazzy/share/rosidl_generator_c/cmake)
[0.361s] -- Found rosidl_generator_cpp: 4.6.6 (/opt/ros/jazzy/share/rosidl_generator_cpp/cmake)
[0.375s] -- Using all available rosidl_typesupport_c: rosidl_typesupport_fastrtps_c;rosidl_typesupport_introspection_c
[0.392s] -- Using all available rosidl_typesupport_cpp: rosidl_typesupport_fastrtps_cpp;rosidl_typesupport_introspection_cpp
[0.470s] -- Found rmw_implementation_cmake: 7.3.2 (/opt/ros/jazzy/share/rmw_implementation_cmake/cmake)
[0.471s] -- Found rmw_fastrtps_cpp: 8.4.3 (/opt/ros/jazzy/share/rmw_fastrtps_cpp/cmake)
[0.553s] -- Using RMW implementation 'rmw_fastrtps_cpp' as default
[0.636s] -- Found example_interfaces: 0.12.0 (/opt/ros/jazzy/share/example_interfaces/cmake)
[0.718s] -- Found my_robot_interfaces: 0.0.0 (/home/jaehyun-jeong/ros2-study/ros2_ws/install/my_robot_interfaces/share/my_robot_interfaces/cmake)
[0.828s] -- Configuring done (0.8s)
[0.840s] -- Generating done (0.0s)
[0.844s] -- Build files have been written to: /home/jaehyun-jeong/ros2-study/ros2_ws/build/my_cpp_pkg
[0.884s] [ 50%] [32mBuilding CXX object CMakeFiles/hw_status_publisher.dir/src/hardware_status_publisher.cpp.o[0m
[5.936s] [100%] [32m[1mLinking CXX executable hw_status_publisher[0m
[6.212s] [100%] Built target hw_status_publisher
[6.225s] Invoked command in '/home/jaehyun-jeong/ros2-study/ros2_ws/build/my_cpp_pkg' returned '0': CMAKE_PREFIX_PATH=${CMAKE_PREFIX_PATH}:/home/jaehyun-jeong/ros2-study/ros2_ws/install/my_py_pkg:/opt/ros/jazzy DEBUGINFOD_URLS=https://debuginfod.ubuntu.com LD_LIBRARY_PATH=/home/jaehyun-jeong/ros2-study/ros2_ws/install/my_robot_interfaces/lib:/opt/ros/jazzy/opt/rviz_ogre_vendor/lib:/opt/ros/jazzy/lib/x86_64-linux-gnu:/opt/ros/jazzy/opt/gz_math_vendor/lib:/opt/ros/jazzy/opt/gz_utils_vendor/lib:/opt/ros/jazzy/opt/gz_cmake_vendor/lib:/opt/ros/jazzy/lib:/usr/local/cuda-12.3/lib64:/usr/local/cuda-12.3/lib64:/home/jaehyun-jeong/.mujoco/mujoco210/bin:/usr/lib/nvidia:/home/jaehyun-jeong/.mujoco/mujoco210/bin:/usr/lib/nvidia PYTHONPATH=/home/jaehyun-jeong/ros2-study/ros2_ws/install/my_robot_interfaces/lib/python3.12/site-packages:/home/jaehyun-jeong/ros2-study/ros2_ws/install/my_py_pkg/lib/python3.12/site-packages:/opt/ros/jazzy/lib/python3.12/site-packages /usr/bin/cmake --build /home/jaehyun-jeong/ros2-study/ros2_ws/build/my_cpp_pkg -- -j8 -l8
[6.236s] Invoking command in '/home/jaehyun-jeong/ros2-study/ros2_ws/build/my_cpp_pkg': CMAKE_PREFIX_PATH=${CMAKE_PREFIX_PATH}:/home/jaehyun-jeong/ros2-study/ros2_ws/install/my_py_pkg:/opt/ros/jazzy DEBUGINFOD_URLS=https://debuginfod.ubuntu.com LD_LIBRARY_PATH=/home/jaehyun-jeong/ros2-study/ros2_ws/install/my_robot_interfaces/lib:/opt/ros/jazzy/opt/rviz_ogre_vendor/lib:/opt/ros/jazzy/lib/x86_64-linux-gnu:/opt/ros/jazzy/opt/gz_math_vendor/lib:/opt/ros/jazzy/opt/gz_utils_vendor/lib:/opt/ros/jazzy/opt/gz_cmake_vendor/lib:/opt/ros/jazzy/lib:/usr/local/cuda-12.3/lib64:/usr/local/cuda-12.3/lib64:/home/jaehyun-jeong/.mujoco/mujoco210/bin:/usr/lib/nvidia:/home/jaehyun-jeong/.mujoco/mujoco210/bin:/usr/lib/nvidia PYTHONPATH=/home/jaehyun-jeong/ros2-study/ros2_ws/install/my_robot_interfaces/lib/python3.12/site-packages:/home/jaehyun-jeong/ros2-study/ros2_ws/install/my_py_pkg/lib/python3.12/site-packages:/opt/ros/jazzy/lib/python3.12/site-packages /usr/bin/cmake --install /home/jaehyun-jeong/ros2-study/ros2_ws/build/my_cpp_pkg
[6.245s] -- Install configuration: ""
[6.245s] -- Installing: /home/jaehyun-jeong/ros2-study/ros2_ws/install/my_cpp_pkg/lib/my_cpp_pkg/hw_status_publisher
[6.247s] -- Set non-toolchain portion of runtime path of "/home/jaehyun-jeong/ros2-study/ros2_ws/install/my_cpp_pkg/lib/my_cpp_pkg/hw_status_publisher" to ""
[6.247s] -- Installing: /home/jaehyun-jeong/ros2-study/ros2_ws/install/my_cpp_pkg/share/ament_index/resource_index/package_run_dependencies/my_cpp_pkg
[6.247s] -- Installing: /home/jaehyun-jeong/ros2-study/ros2_ws/install/my_cpp_pkg/share/ament_index/resource_index/parent_prefix_path/my_cpp_pkg
[6.247s] -- Up-to-date: /home/jaehyun-jeong/ros2-study/ros2_ws/install/my_cpp_pkg/share/my_cpp_pkg/environment/ament_prefix_path.sh
[6.247s] -- Up-to-date: /home/jaehyun-jeong/ros2-study/ros2_ws/install/my_cpp_pkg/share/my_cpp_pkg/environment/ament_prefix_path.dsv
[6.248s] -- Up-to-date: /home/jaehyun-jeong/ros2-study/ros2_ws/install/my_cpp_pkg/share/my_cpp_pkg/environment/path.sh
[6.248s] -- Up-to-date: /home/jaehyun-jeong/ros2-study/ros2_ws/install/my_cpp_pkg/share/my_cpp_pkg/environment/path.dsv
[6.248s] -- Up-to-date: /home/jaehyun-jeong/ros2-study/ros2_ws/install/my_cpp_pkg/share/my_cpp_pkg/local_setup.bash
[6.248s] -- Up-to-date: /home/jaehyun-jeong/ros2-study/ros2_ws/install/my_cpp_pkg/share/my_cpp_pkg/local_setup.sh
[6.248s] -- Up-to-date: /home/jaehyun-jeong/ros2-study/ros2_ws/install/my_cpp_pkg/share/my_cpp_pkg/local_setup.zsh
[6.248s] -- Up-to-date: /home/jaehyun-jeong/ros2-study/ros2_ws/install/my_cpp_pkg/share/my_cpp_pkg/local_setup.dsv
[6.249s] -- Installing: /home/jaehyun-jeong/ros2-study/ros2_ws/install/my_cpp_pkg/share/my_cpp_pkg/package.dsv
[6.249s] -- Up-to-date: /home/jaehyun-jeong/ros2-study/ros2_ws/install/my_cpp_pkg/share/ament_index/resource_index/packages/my_cpp_pkg
[6.249s] -- Up-to-date: /home/jaehyun-jeong/ros2-study/ros2_ws/install/my_cpp_pkg/share/my_cpp_pkg/cmake/my_cpp_pkgConfig.cmake
[6.249s] -- Up-to-date: /home/jaehyun-jeong/ros2-study/ros2_ws/install/my_cpp_pkg/share/my_cpp_pkg/cmake/my_cpp_pkgConfig-version.cmake
[6.249s] -- Installing: /home/jaehyun-jeong/ros2-study/ros2_ws/install/my_cpp_pkg/share/my_cpp_pkg/package.xml
[6.250s] Invoked command in '/home/jaehyun-jeong/ros2-study/ros2_ws/build/my_cpp_pkg' returned '0': CMAKE_PREFIX_PATH=${CMAKE_PREFIX_PATH}:/home/jaehyun-jeong/ros2-study/ros2_ws/install/my_py_pkg:/opt/ros/jazzy DEBUGINFOD_URLS=https://debuginfod.ubuntu.com LD_LIBRARY_PATH=/home/jaehyun-jeong/ros2-study/ros2_ws/install/my_robot_interfaces/lib:/opt/ros/jazzy/opt/rviz_ogre_vendor/lib:/opt/ros/jazzy/lib/x86_64-linux-gnu:/opt/ros/jazzy/opt/gz_math_vendor/lib:/opt/ros/jazzy/opt/gz_utils_vendor/lib:/opt/ros/jazzy/opt/gz_cmake_vendor/lib:/opt/ros/jazzy/lib:/usr/local/cuda-12.3/lib64:/usr/local/cuda-12.3/lib64:/home/jaehyun-jeong/.mujoco/mujoco210/bin:/usr/lib/nvidia:/home/jaehyun-jeong/.mujoco/mujoco210/bin:/usr/lib/nvidia PYTHONPATH=/home/jaehyun-jeong/ros2-study/ros2_ws/install/my_robot_interfaces/lib/python3.12/site-packages:/home/jaehyun-jeong/ros2-study/ros2_ws/install/my_py_pkg/lib/python3.12/site-packages:/opt/ros/jazzy/lib/python3.12/site-packages /usr/bin/cmake --install /home/jaehyun-jeong/ros2-study/ros2_ws/build/my_cpp_pkg
