[0.013s] Invoking command in '/home/jaehyun-jeong/ros2-study/ros2_ws/build/my_robot_interfaces': CMAKE_PREFIX_PATH=${CMAKE_PREFIX_PATH}:/home/jaehyun-jeong/ros2-study/ros2_ws/install/my_py_pkg:/opt/ros/jazzy DEBUGINFOD_URLS=https://debuginfod.ubuntu.com /usr/bin/cmake --build /home/jaehyun-jeong/ros2-study/ros2_ws/build/my_robot_interfaces -- -j8 -l8
[0.040s] -- Found ament_cmake: 2.5.4 (/opt/ros/jazzy/share/ament_cmake/cmake)
[0.163s] -- Found rosidl_default_generators: 1.6.0 (/opt/ros/jazzy/share/rosidl_default_generators/cmake)
[0.165s] -- Using all available rosidl_typesupport_c: rosidl_typesupport_fastrtps_c;rosidl_typesupport_introspection_c
[0.210s] -- Using all available rosidl_typesupport_cpp: rosidl_typesupport_fastrtps_cpp;rosidl_typesupport_introspection_cpp
[0.243s] -- Found rosidl_adapter: 4.6.6 (/opt/ros/jazzy/share/rosidl_adapter/cmake)
[0.633s] -- Found ament_cmake_ros: 0.12.0 (/opt/ros/jazzy/share/ament_cmake_ros/cmake)
[0.740s] -- Using all available rosidl_typesupport_c: rosidl_typesupport_fastrtps_c;rosidl_typesupport_introspection_c
[0.876s] -- Using all available rosidl_typesupport_cpp: rosidl_typesupport_fastrtps_cpp;rosidl_typesupport_introspection_cpp
[0.879s] -- Found python_cmake_module: 0.11.1 (/opt/ros/jazzy/share/python_cmake_module/cmake)
[1.268s] -- Found Python3: /usr/bin/python3 (found version "3.12.3") found components: Interpreter Development NumPy Development.Module Development.Embed 
[1.302s] -- Configuring done (1.3s)
[1.409s] -- Generating done (0.1s)
[1.432s] -- Build files have been written to: /home/jaehyun-jeong/ros2-study/ros2_ws/build/my_robot_interfaces
[1.472s] [  2%] [34m[1mGenerating type hashes for ROS interfaces[0m
[1.483s] [  2%] Built target ament_cmake_python_copy_my_robot_interfaces
[1.711s] [  2%] Built target my_robot_interfaces__rosidl_generator_type_description
[1.723s] [  4%] [34m[1mGenerating C code for ROS interfaces[0m
[1.734s] [  6%] [34m[1mGenerating C++ code for ROS interfaces[0m
[1.751s] running egg_info
[1.775s] writing my_robot_interfaces.egg-info/PKG-INFO
[1.776s] writing dependency_links to my_robot_interfaces.egg-info/dependency_links.txt
[1.776s] writing top-level names to my_robot_interfaces.egg-info/top_level.txt
[1.854s] reading manifest file 'my_robot_interfaces.egg-info/SOURCES.txt'
[1.855s] writing manifest file 'my_robot_interfaces.egg-info/SOURCES.txt'
[1.885s] [  6%] Built target ament_cmake_python_build_my_robot_interfaces_egg
[2.111s] [  6%] Built target my_robot_interfaces__cpp
[2.158s] [ 11%] [32mBuilding C object CMakeFiles/my_robot_interfaces__rosidl_generator_c.dir/rosidl_generator_c/my_robot_interfaces/msg/detail/hardware_status__functions.c.o[0m
[2.158s] [ 11%] [32mBuilding C object CMakeFiles/my_robot_interfaces__rosidl_generator_c.dir/rosidl_generator_c/my_robot_interfaces/srv/detail/compute_rectangle_area__description.c.o[0m
[2.161s] [ 13%] [32mBuilding C object CMakeFiles/my_robot_interfaces__rosidl_generator_c.dir/rosidl_generator_c/my_robot_interfaces/msg/detail/hardware_status__description.c.o[0m
[2.161s] [ 15%] [32mBuilding C object CMakeFiles/my_robot_interfaces__rosidl_generator_c.dir/rosidl_generator_c/my_robot_interfaces/msg/detail/hardware_status__type_support.c.o[0m
[2.162s] [ 20%] [32mBuilding C object CMakeFiles/my_robot_interfaces__rosidl_generator_c.dir/rosidl_generator_c/my_robot_interfaces/srv/detail/compute_rectangle_area__type_support.c.o[0m
[2.162s] [ 20%] [32mBuilding C object CMakeFiles/my_robot_interfaces__rosidl_generator_c.dir/rosidl_generator_c/my_robot_interfaces/srv/detail/compute_rectangle_area__functions.c.o[0m
[2.272s] [ 22%] [32m[1mLinking C shared library libmy_robot_interfaces__rosidl_generator_c.so[0m
[2.349s] [ 22%] Built target my_robot_interfaces__rosidl_generator_c
[2.367s] [ 25%] [34m[1mGenerating C++ type support dispatch for ROS interfaces[0m
[2.371s] [ 27%] [34m[1mGenerating C++ type support for eProsima Fast-RTPS[0m
[2.372s] [ 29%] [34m[1mGenerating C type support dispatch for ROS interfaces[0m
[2.374s] [ 31%] [34m[1mGenerating C introspection for ROS interfaces[0m
[2.375s] [ 34%] [34m[1mGenerating C type support for eProsima Fast-RTPS[0m
[2.377s] [ 36%] [34m[1mGenerating C++ introspection for ROS interfaces[0m
[2.775s] [ 40%] [32mBuilding CXX object CMakeFiles/my_robot_interfaces__rosidl_typesupport_c.dir/rosidl_typesupport_c/my_robot_interfaces/srv/compute_rectangle_area__type_support.cpp.o[0m
[2.775s] [ 40%] [32mBuilding CXX object CMakeFiles/my_robot_interfaces__rosidl_typesupport_c.dir/rosidl_typesupport_c/my_robot_interfaces/msg/hardware_status__type_support.cpp.o[0m
[2.840s] [ 45%] [32mBuilding C object CMakeFiles/my_robot_interfaces__rosidl_typesupport_introspection_c.dir/rosidl_typesupport_introspection_c/my_robot_interfaces/srv/detail/compute_rectangle_area__type_support.c.o[0m
[2.840s] [ 45%] [32mBuilding C object CMakeFiles/my_robot_interfaces__rosidl_typesupport_introspection_c.dir/rosidl_typesupport_introspection_c/my_robot_interfaces/msg/detail/hardware_status__type_support.c.o[0m
[2.920s] [ 47%] [32m[1mLinking C shared library libmy_robot_interfaces__rosidl_typesupport_introspection_c.so[0m
[2.924s] [ 50%] [32mBuilding CXX object CMakeFiles/my_robot_interfaces__rosidl_typesupport_cpp.dir/rosidl_typesupport_cpp/my_robot_interfaces/msg/hardware_status__type_support.cpp.o[0m
[2.925s] [ 52%] [32m[1mLinking CXX shared library libmy_robot_interfaces__rosidl_typesupport_c.so[0m
[2.925s] [ 54%] [32mBuilding CXX object CMakeFiles/my_robot_interfaces__rosidl_typesupport_cpp.dir/rosidl_typesupport_cpp/my_robot_interfaces/srv/compute_rectangle_area__type_support.cpp.o[0m
[2.980s] [ 54%] Built target my_robot_interfaces__rosidl_typesupport_introspection_c
[2.991s] [ 56%] [32mBuilding CXX object CMakeFiles/my_robot_interfaces__rosidl_typesupport_introspection_cpp.dir/rosidl_typesupport_introspection_cpp/my_robot_interfaces/msg/detail/hardware_status__type_support.cpp.o[0m
[2.993s] [ 59%] [32mBuilding CXX object CMakeFiles/my_robot_interfaces__rosidl_typesupport_introspection_cpp.dir/rosidl_typesupport_introspection_cpp/my_robot_interfaces/srv/detail/compute_rectangle_area__type_support.cpp.o[0m
[3.004s] [ 59%] Built target my_robot_interfaces__rosidl_typesupport_c
[3.091s] [ 63%] [32mBuilding CXX object CMakeFiles/my_robot_interfaces__rosidl_typesupport_fastrtps_cpp.dir/rosidl_typesupport_fastrtps_cpp/my_robot_interfaces/msg/detail/dds_fastrtps/hardware_status__type_support.cpp.o[0m
[3.091s] [ 63%] [32mBuilding CXX object CMakeFiles/my_robot_interfaces__rosidl_typesupport_fastrtps_cpp.dir/rosidl_typesupport_fastrtps_cpp/my_robot_interfaces/srv/detail/dds_fastrtps/compute_rectangle_area__type_support.cpp.o[0m
[3.149s] [ 68%] [32mBuilding CXX object CMakeFiles/my_robot_interfaces__rosidl_typesupport_fastrtps_c.dir/rosidl_typesupport_fastrtps_c/my_robot_interfaces/srv/detail/compute_rectangle_area__type_support_c.cpp.o[0m
[3.149s] [ 68%] [32mBuilding CXX object CMakeFiles/my_robot_interfaces__rosidl_typesupport_fastrtps_c.dir/rosidl_typesupport_fastrtps_c/my_robot_interfaces/msg/detail/hardware_status__type_support_c.cpp.o[0m
[3.851s] [ 70%] [32m[1mLinking CXX shared library libmy_robot_interfaces__rosidl_typesupport_cpp.so[0m
[3.869s] [ 72%] [32m[1mLinking CXX shared library libmy_robot_interfaces__rosidl_typesupport_introspection_cpp.so[0m
[3.976s] [ 72%] Built target my_robot_interfaces__rosidl_typesupport_cpp
[4.025s] [ 72%] Built target my_robot_interfaces__rosidl_typesupport_introspection_cpp
[4.146s] [ 75%] [32m[1mLinking CXX shared library libmy_robot_interfaces__rosidl_typesupport_fastrtps_c.so[0m
[4.243s] [ 75%] Built target my_robot_interfaces__rosidl_typesupport_fastrtps_c
[4.278s] [ 77%] [32m[1mLinking CXX shared library libmy_robot_interfaces__rosidl_typesupport_fastrtps_cpp.so[0m
[4.427s] [ 77%] Built target my_robot_interfaces__rosidl_typesupport_fastrtps_cpp
[4.452s] [ 77%] Built target my_robot_interfaces
[4.477s] [ 79%] [34m[1mGenerating Python code for ROS interfaces[0m
[5.034s] [ 79%] Built target my_robot_interfaces__py
[5.068s] [ 84%] [32mBuilding C object CMakeFiles/my_robot_interfaces__rosidl_generator_py.dir/rosidl_generator_py/my_robot_interfaces/msg/_hardware_status_s.c.o[0m
[5.068s] [ 84%] [32mBuilding C object CMakeFiles/my_robot_interfaces__rosidl_generator_py.dir/rosidl_generator_py/my_robot_interfaces/srv/_compute_rectangle_area_s.c.o[0m
[5.261s] [ 86%] [32m[1mLinking C shared library libmy_robot_interfaces__rosidl_generator_py.so[0m
[5.309s] [ 86%] Built target my_robot_interfaces__rosidl_generator_py
[5.355s] [ 88%] [32mBuilding C object CMakeFiles/my_robot_interfaces_s__rosidl_typesupport_fastrtps_c.dir/rosidl_generator_py/my_robot_interfaces/_my_robot_interfaces_s.ep.rosidl_typesupport_fastrtps_c.c.o[0m
[5.366s] [ 90%] [32mBuilding C object CMakeFiles/my_robot_interfaces_s__rosidl_typesupport_introspection_c.dir/rosidl_generator_py/my_robot_interfaces/_my_robot_interfaces_s.ep.rosidl_typesupport_introspection_c.c.o[0m
[5.366s] [ 93%] [32mBuilding C object CMakeFiles/my_robot_interfaces_s__rosidl_typesupport_c.dir/rosidl_generator_py/my_robot_interfaces/_my_robot_interfaces_s.ep.rosidl_typesupport_c.c.o[0m
[5.539s] [ 97%] [32m[1mLinking C shared module rosidl_generator_py/my_robot_interfaces/my_robot_interfaces_s__rosidl_typesupport_c.so[0m
[5.539s] [ 97%] [32m[1mLinking C shared module rosidl_generator_py/my_robot_interfaces/my_robot_interfaces_s__rosidl_typesupport_introspection_c.so[0m
[5.541s] [100%] [32m[1mLinking C shared module rosidl_generator_py/my_robot_interfaces/my_robot_interfaces_s__rosidl_typesupport_fastrtps_c.so[0m
[5.577s] [100%] Built target my_robot_interfaces_s__rosidl_typesupport_c
[5.577s] [100%] Built target my_robot_interfaces_s__rosidl_typesupport_introspection_c
[5.578s] [100%] Built target my_robot_interfaces_s__rosidl_typesupport_fastrtps_c
[5.592s] Invoked command in '/home/jaehyun-jeong/ros2-study/ros2_ws/build/my_robot_interfaces' returned '0': CMAKE_PREFIX_PATH=${CMAKE_PREFIX_PATH}:/home/jaehyun-jeong/ros2-study/ros2_ws/install/my_py_pkg:/opt/ros/jazzy DEBUGINFOD_URLS=https://debuginfod.ubuntu.com /usr/bin/cmake --build /home/jaehyun-jeong/ros2-study/ros2_ws/build/my_robot_interfaces -- -j8 -l8
[5.603s] Invoking command in '/home/jaehyun-jeong/ros2-study/ros2_ws/build/my_robot_interfaces': CMAKE_PREFIX_PATH=${CMAKE_PREFIX_PATH}:/home/jaehyun-jeong/ros2-study/ros2_ws/install/my_py_pkg:/opt/ros/jazzy DEBUGINFOD_URLS=https://debuginfod.ubuntu.com /usr/bin/cmake --install /home/jaehyun-jeong/ros2-study/ros2_ws/build/my_robot_interfaces
[5.612s] -- Install configuration: ""
[5.613s] -- Installing: /home/jaehyun-jeong/ros2-study/ros2_ws/install/my_robot_interfaces/share/ament_index/resource_index/rosidl_interfaces/my_robot_interfaces
[5.613s] -- Installing: /home/jaehyun-jeong/ros2-study/ros2_ws/install/my_robot_interfaces/share/my_robot_interfaces/msg/HardwareStatus.json
[5.613s] -- Installing: /home/jaehyun-jeong/ros2-study/ros2_ws/install/my_robot_interfaces/share/my_robot_interfaces/srv/ComputeRectangleArea.json
[5.613s] -- Up-to-date: /home/jaehyun-jeong/ros2-study/ros2_ws/install/my_robot_interfaces/include/my_robot_interfaces/my_robot_interfaces
[5.614s] -- Up-to-date: /home/jaehyun-jeong/ros2-study/ros2_ws/install/my_robot_interfaces/include/my_robot_interfaces/my_robot_interfaces/msg
[5.614s] -- Up-to-date: /home/jaehyun-jeong/ros2-study/ros2_ws/install/my_robot_interfaces/include/my_robot_interfaces/my_robot_interfaces/msg/detail
[5.614s] -- Installing: /home/jaehyun-jeong/ros2-study/ros2_ws/install/my_robot_interfaces/include/my_robot_interfaces/my_robot_interfaces/msg/detail/hardware_status__functions.c
[5.614s] -- Installing: /home/jaehyun-jeong/ros2-study/ros2_ws/install/my_robot_interfaces/include/my_robot_interfaces/my_robot_interfaces/msg/detail/hardware_status__type_support.c
[5.614s] -- Installing: /home/jaehyun-jeong/ros2-study/ros2_ws/install/my_robot_interfaces/include/my_robot_interfaces/my_robot_interfaces/msg/detail/hardware_status__functions.h
[5.614s] -- Installing: /home/jaehyun-jeong/ros2-study/ros2_ws/install/my_robot_interfaces/include/my_robot_interfaces/my_robot_interfaces/msg/detail/hardware_status__description.c
[5.615s] -- Installing: /home/jaehyun-jeong/ros2-study/ros2_ws/install/my_robot_interfaces/include/my_robot_interfaces/my_robot_interfaces/msg/detail/hardware_status__struct.h
[5.615s] -- Installing: /home/jaehyun-jeong/ros2-study/ros2_ws/install/my_robot_interfaces/include/my_robot_interfaces/my_robot_interfaces/msg/detail/hardware_status__type_support.h
[5.615s] -- Installing: /home/jaehyun-jeong/ros2-study/ros2_ws/install/my_robot_interfaces/include/my_robot_interfaces/my_robot_interfaces/msg/hardware_status.h
[5.615s] -- Up-to-date: /home/jaehyun-jeong/ros2-study/ros2_ws/install/my_robot_interfaces/include/my_robot_interfaces/my_robot_interfaces/msg/rosidl_generator_c__visibility_control.h
[5.615s] -- Installing: /home/jaehyun-jeong/ros2-study/ros2_ws/install/my_robot_interfaces/include/my_robot_interfaces/my_robot_interfaces/srv
[5.616s] -- Installing: /home/jaehyun-jeong/ros2-study/ros2_ws/install/my_robot_interfaces/include/my_robot_interfaces/my_robot_interfaces/srv/compute_rectangle_area.h
[5.616s] -- Installing: /home/jaehyun-jeong/ros2-study/ros2_ws/install/my_robot_interfaces/include/my_robot_interfaces/my_robot_interfaces/srv/detail
[5.616s] -- Installing: /home/jaehyun-jeong/ros2-study/ros2_ws/install/my_robot_interfaces/include/my_robot_interfaces/my_robot_interfaces/srv/detail/compute_rectangle_area__struct.h
[5.616s] -- Installing: /home/jaehyun-jeong/ros2-study/ros2_ws/install/my_robot_interfaces/include/my_robot_interfaces/my_robot_interfaces/srv/detail/compute_rectangle_area__type_support.h
[5.616s] -- Installing: /home/jaehyun-jeong/ros2-study/ros2_ws/install/my_robot_interfaces/include/my_robot_interfaces/my_robot_interfaces/srv/detail/compute_rectangle_area__functions.h
[5.616s] -- Installing: /home/jaehyun-jeong/ros2-study/ros2_ws/install/my_robot_interfaces/include/my_robot_interfaces/my_robot_interfaces/srv/detail/compute_rectangle_area__type_support.c
[5.616s] -- Installing: /home/jaehyun-jeong/ros2-study/ros2_ws/install/my_robot_interfaces/include/my_robot_interfaces/my_robot_interfaces/srv/detail/compute_rectangle_area__description.c
[5.617s] -- Installing: /home/jaehyun-jeong/ros2-study/ros2_ws/install/my_robot_interfaces/include/my_robot_interfaces/my_robot_interfaces/srv/detail/compute_rectangle_area__functions.c
[5.617s] -- Up-to-date: /home/jaehyun-jeong/ros2-study/ros2_ws/install/my_robot_interfaces/share/my_robot_interfaces/environment/library_path.sh
[5.617s] -- Up-to-date: /home/jaehyun-jeong/ros2-study/ros2_ws/install/my_robot_interfaces/share/my_robot_interfaces/environment/library_path.dsv
[5.617s] -- Installing: /home/jaehyun-jeong/ros2-study/ros2_ws/install/my_robot_interfaces/lib/libmy_robot_interfaces__rosidl_generator_c.so
[5.617s] -- Set non-toolchain portion of runtime path of "/home/jaehyun-jeong/ros2-study/ros2_ws/install/my_robot_interfaces/lib/libmy_robot_interfaces__rosidl_generator_c.so" to ""
[5.617s] -- Up-to-date: /home/jaehyun-jeong/ros2-study/ros2_ws/install/my_robot_interfaces/include/my_robot_interfaces/my_robot_interfaces
[5.618s] -- Up-to-date: /home/jaehyun-jeong/ros2-study/ros2_ws/install/my_robot_interfaces/include/my_robot_interfaces/my_robot_interfaces/msg
[5.618s] -- Up-to-date: /home/jaehyun-jeong/ros2-study/ros2_ws/install/my_robot_interfaces/include/my_robot_interfaces/my_robot_interfaces/msg/rosidl_typesupport_fastrtps_c__visibility_control.h
[5.618s] -- Up-to-date: /home/jaehyun-jeong/ros2-study/ros2_ws/install/my_robot_interfaces/include/my_robot_interfaces/my_robot_interfaces/msg/detail
[5.618s] -- Installing: /home/jaehyun-jeong/ros2-study/ros2_ws/install/my_robot_interfaces/include/my_robot_interfaces/my_robot_interfaces/msg/detail/hardware_status__rosidl_typesupport_fastrtps_c.h
[5.618s] -- Up-to-date: /home/jaehyun-jeong/ros2-study/ros2_ws/install/my_robot_interfaces/include/my_robot_interfaces/my_robot_interfaces/srv
[5.618s] -- Up-to-date: /home/jaehyun-jeong/ros2-study/ros2_ws/install/my_robot_interfaces/include/my_robot_interfaces/my_robot_interfaces/srv/detail
[5.618s] -- Installing: /home/jaehyun-jeong/ros2-study/ros2_ws/install/my_robot_interfaces/include/my_robot_interfaces/my_robot_interfaces/srv/detail/compute_rectangle_area__rosidl_typesupport_fastrtps_c.h
[5.619s] -- Installing: /home/jaehyun-jeong/ros2-study/ros2_ws/install/my_robot_interfaces/lib/libmy_robot_interfaces__rosidl_typesupport_fastrtps_c.so
[5.619s] -- Set non-toolchain portion of runtime path of "/home/jaehyun-jeong/ros2-study/ros2_ws/install/my_robot_interfaces/lib/libmy_robot_interfaces__rosidl_typesupport_fastrtps_c.so" to ""
[5.619s] -- Up-to-date: /home/jaehyun-jeong/ros2-study/ros2_ws/install/my_robot_interfaces/include/my_robot_interfaces/my_robot_interfaces
[5.620s] -- Up-to-date: /home/jaehyun-jeong/ros2-study/ros2_ws/install/my_robot_interfaces/include/my_robot_interfaces/my_robot_interfaces/msg
[5.620s] -- Up-to-date: /home/jaehyun-jeong/ros2-study/ros2_ws/install/my_robot_interfaces/include/my_robot_interfaces/my_robot_interfaces/msg/rosidl_typesupport_introspection_c__visibility_control.h
[5.620s] -- Up-to-date: /home/jaehyun-jeong/ros2-study/ros2_ws/install/my_robot_interfaces/include/my_robot_interfaces/my_robot_interfaces/msg/detail
[5.620s] -- Installing: /home/jaehyun-jeong/ros2-study/ros2_ws/install/my_robot_interfaces/include/my_robot_interfaces/my_robot_interfaces/msg/detail/hardware_status__type_support.c
[5.620s] -- Installing: /home/jaehyun-jeong/ros2-study/ros2_ws/install/my_robot_interfaces/include/my_robot_interfaces/my_robot_interfaces/msg/detail/hardware_status__rosidl_typesupport_introspection_c.h
[5.620s] -- Up-to-date: /home/jaehyun-jeong/ros2-study/ros2_ws/install/my_robot_interfaces/include/my_robot_interfaces/my_robot_interfaces/srv
[5.620s] -- Up-to-date: /home/jaehyun-jeong/ros2-study/ros2_ws/install/my_robot_interfaces/include/my_robot_interfaces/my_robot_interfaces/srv/detail
[5.621s] -- Installing: /home/jaehyun-jeong/ros2-study/ros2_ws/install/my_robot_interfaces/include/my_robot_interfaces/my_robot_interfaces/srv/detail/compute_rectangle_area__type_support.c
[5.621s] -- Installing: /home/jaehyun-jeong/ros2-study/ros2_ws/install/my_robot_interfaces/include/my_robot_interfaces/my_robot_interfaces/srv/detail/compute_rectangle_area__rosidl_typesupport_introspection_c.h
[5.621s] -- Installing: /home/jaehyun-jeong/ros2-study/ros2_ws/install/my_robot_interfaces/lib/libmy_robot_interfaces__rosidl_typesupport_introspection_c.so
[5.621s] -- Set non-toolchain portion of runtime path of "/home/jaehyun-jeong/ros2-study/ros2_ws/install/my_robot_interfaces/lib/libmy_robot_interfaces__rosidl_typesupport_introspection_c.so" to ""
[5.622s] -- Installing: /home/jaehyun-jeong/ros2-study/ros2_ws/install/my_robot_interfaces/lib/libmy_robot_interfaces__rosidl_typesupport_c.so
[5.622s] -- Set non-toolchain portion of runtime path of "/home/jaehyun-jeong/ros2-study/ros2_ws/install/my_robot_interfaces/lib/libmy_robot_interfaces__rosidl_typesupport_c.so" to ""
[5.622s] -- Up-to-date: /home/jaehyun-jeong/ros2-study/ros2_ws/install/my_robot_interfaces/include/my_robot_interfaces/my_robot_interfaces
[5.623s] -- Up-to-date: /home/jaehyun-jeong/ros2-study/ros2_ws/install/my_robot_interfaces/include/my_robot_interfaces/my_robot_interfaces/msg
[5.623s] -- Up-to-date: /home/jaehyun-jeong/ros2-study/ros2_ws/install/my_robot_interfaces/include/my_robot_interfaces/my_robot_interfaces/msg/detail
[5.623s] -- Installing: /home/jaehyun-jeong/ros2-study/ros2_ws/install/my_robot_interfaces/include/my_robot_interfaces/my_robot_interfaces/msg/detail/hardware_status__struct.hpp
[5.623s] -- Installing: /home/jaehyun-jeong/ros2-study/ros2_ws/install/my_robot_interfaces/include/my_robot_interfaces/my_robot_interfaces/msg/detail/hardware_status__type_support.hpp
[5.623s] -- Installing: /home/jaehyun-jeong/ros2-study/ros2_ws/install/my_robot_interfaces/include/my_robot_interfaces/my_robot_interfaces/msg/detail/hardware_status__traits.hpp
[5.623s] -- Installing: /home/jaehyun-jeong/ros2-study/ros2_ws/install/my_robot_interfaces/include/my_robot_interfaces/my_robot_interfaces/msg/detail/hardware_status__builder.hpp
[5.623s] -- Installing: /home/jaehyun-jeong/ros2-study/ros2_ws/install/my_robot_interfaces/include/my_robot_interfaces/my_robot_interfaces/msg/rosidl_generator_cpp__visibility_control.hpp
[5.623s] -- Installing: /home/jaehyun-jeong/ros2-study/ros2_ws/install/my_robot_interfaces/include/my_robot_interfaces/my_robot_interfaces/msg/hardware_status.hpp
[5.624s] -- Up-to-date: /home/jaehyun-jeong/ros2-study/ros2_ws/install/my_robot_interfaces/include/my_robot_interfaces/my_robot_interfaces/srv
[5.624s] -- Installing: /home/jaehyun-jeong/ros2-study/ros2_ws/install/my_robot_interfaces/include/my_robot_interfaces/my_robot_interfaces/srv/compute_rectangle_area.hpp
[5.624s] -- Up-to-date: /home/jaehyun-jeong/ros2-study/ros2_ws/install/my_robot_interfaces/include/my_robot_interfaces/my_robot_interfaces/srv/detail
[5.624s] -- Installing: /home/jaehyun-jeong/ros2-study/ros2_ws/install/my_robot_interfaces/include/my_robot_interfaces/my_robot_interfaces/srv/detail/compute_rectangle_area__builder.hpp
[5.624s] -- Installing: /home/jaehyun-jeong/ros2-study/ros2_ws/install/my_robot_interfaces/include/my_robot_interfaces/my_robot_interfaces/srv/detail/compute_rectangle_area__traits.hpp
[5.624s] -- Installing: /home/jaehyun-jeong/ros2-study/ros2_ws/install/my_robot_interfaces/include/my_robot_interfaces/my_robot_interfaces/srv/detail/compute_rectangle_area__struct.hpp
[5.624s] -- Installing: /home/jaehyun-jeong/ros2-study/ros2_ws/install/my_robot_interfaces/include/my_robot_interfaces/my_robot_interfaces/srv/detail/compute_rectangle_area__type_support.hpp
[5.624s] -- Up-to-date: /home/jaehyun-jeong/ros2-study/ros2_ws/install/my_robot_interfaces/include/my_robot_interfaces/my_robot_interfaces
[5.625s] -- Up-to-date: /home/jaehyun-jeong/ros2-study/ros2_ws/install/my_robot_interfaces/include/my_robot_interfaces/my_robot_interfaces/msg
[5.625s] -- Up-to-date: /home/jaehyun-jeong/ros2-study/ros2_ws/install/my_robot_interfaces/include/my_robot_interfaces/my_robot_interfaces/msg/detail
[5.625s] -- Installing: /home/jaehyun-jeong/ros2-study/ros2_ws/install/my_robot_interfaces/include/my_robot_interfaces/my_robot_interfaces/msg/detail/hardware_status__rosidl_typesupport_fastrtps_cpp.hpp
[5.625s] -- Up-to-date: /home/jaehyun-jeong/ros2-study/ros2_ws/install/my_robot_interfaces/include/my_robot_interfaces/my_robot_interfaces/msg/detail/dds_fastrtps
[5.625s] -- Up-to-date: /home/jaehyun-jeong/ros2-study/ros2_ws/install/my_robot_interfaces/include/my_robot_interfaces/my_robot_interfaces/msg/rosidl_typesupport_fastrtps_cpp__visibility_control.h
[5.625s] -- Up-to-date: /home/jaehyun-jeong/ros2-study/ros2_ws/install/my_robot_interfaces/include/my_robot_interfaces/my_robot_interfaces/srv
[5.625s] -- Up-to-date: /home/jaehyun-jeong/ros2-study/ros2_ws/install/my_robot_interfaces/include/my_robot_interfaces/my_robot_interfaces/srv/detail
[5.625s] -- Installing: /home/jaehyun-jeong/ros2-study/ros2_ws/install/my_robot_interfaces/include/my_robot_interfaces/my_robot_interfaces/srv/detail/compute_rectangle_area__rosidl_typesupport_fastrtps_cpp.hpp
[5.625s] -- Installing: /home/jaehyun-jeong/ros2-study/ros2_ws/install/my_robot_interfaces/include/my_robot_interfaces/my_robot_interfaces/srv/detail/dds_fastrtps
[5.626s] -- Installing: /home/jaehyun-jeong/ros2-study/ros2_ws/install/my_robot_interfaces/lib/libmy_robot_interfaces__rosidl_typesupport_fastrtps_cpp.so
[5.626s] -- Set non-toolchain portion of runtime path of "/home/jaehyun-jeong/ros2-study/ros2_ws/install/my_robot_interfaces/lib/libmy_robot_interfaces__rosidl_typesupport_fastrtps_cpp.so" to ""
[5.627s] -- Up-to-date: /home/jaehyun-jeong/ros2-study/ros2_ws/install/my_robot_interfaces/include/my_robot_interfaces/my_robot_interfaces
[5.627s] -- Up-to-date: /home/jaehyun-jeong/ros2-study/ros2_ws/install/my_robot_interfaces/include/my_robot_interfaces/my_robot_interfaces/msg
[5.627s] -- Up-to-date: /home/jaehyun-jeong/ros2-study/ros2_ws/install/my_robot_interfaces/include/my_robot_interfaces/my_robot_interfaces/msg/detail
[5.627s] -- Installing: /home/jaehyun-jeong/ros2-study/ros2_ws/install/my_robot_interfaces/include/my_robot_interfaces/my_robot_interfaces/msg/detail/hardware_status__rosidl_typesupport_introspection_cpp.hpp
[5.627s] -- Installing: /home/jaehyun-jeong/ros2-study/ros2_ws/install/my_robot_interfaces/include/my_robot_interfaces/my_robot_interfaces/msg/detail/hardware_status__type_support.cpp
[5.627s] -- Up-to-date: /home/jaehyun-jeong/ros2-study/ros2_ws/install/my_robot_interfaces/include/my_robot_interfaces/my_robot_interfaces/srv
[5.627s] -- Up-to-date: /home/jaehyun-jeong/ros2-study/ros2_ws/install/my_robot_interfaces/include/my_robot_interfaces/my_robot_interfaces/srv/detail
[5.628s] -- Installing: /home/jaehyun-jeong/ros2-study/ros2_ws/install/my_robot_interfaces/include/my_robot_interfaces/my_robot_interfaces/srv/detail/compute_rectangle_area__rosidl_typesupport_introspection_cpp.hpp
[5.628s] -- Installing: /home/jaehyun-jeong/ros2-study/ros2_ws/install/my_robot_interfaces/include/my_robot_interfaces/my_robot_interfaces/srv/detail/compute_rectangle_area__type_support.cpp
[5.628s] -- Installing: /home/jaehyun-jeong/ros2-study/ros2_ws/install/my_robot_interfaces/lib/libmy_robot_interfaces__rosidl_typesupport_introspection_cpp.so
[5.629s] -- Set non-toolchain portion of runtime path of "/home/jaehyun-jeong/ros2-study/ros2_ws/install/my_robot_interfaces/lib/libmy_robot_interfaces__rosidl_typesupport_introspection_cpp.so" to ""
[5.629s] -- Installing: /home/jaehyun-jeong/ros2-study/ros2_ws/install/my_robot_interfaces/lib/libmy_robot_interfaces__rosidl_typesupport_cpp.so
[5.630s] -- Set non-toolchain portion of runtime path of "/home/jaehyun-jeong/ros2-study/ros2_ws/install/my_robot_interfaces/lib/libmy_robot_interfaces__rosidl_typesupport_cpp.so" to ""
[5.630s] -- Up-to-date: /home/jaehyun-jeong/ros2-study/ros2_ws/install/my_robot_interfaces/share/my_robot_interfaces/environment/pythonpath.sh
[5.630s] -- Up-to-date: /home/jaehyun-jeong/ros2-study/ros2_ws/install/my_robot_interfaces/share/my_robot_interfaces/environment/pythonpath.dsv
[5.630s] -- Up-to-date: /home/jaehyun-jeong/ros2-study/ros2_ws/install/my_robot_interfaces/lib/python3.12/site-packages/my_robot_interfaces-0.0.0-py3.12.egg-info
[5.630s] -- Installing: /home/jaehyun-jeong/ros2-study/ros2_ws/install/my_robot_interfaces/lib/python3.12/site-packages/my_robot_interfaces-0.0.0-py3.12.egg-info/top_level.txt
[5.630s] -- Installing: /home/jaehyun-jeong/ros2-study/ros2_ws/install/my_robot_interfaces/lib/python3.12/site-packages/my_robot_interfaces-0.0.0-py3.12.egg-info/SOURCES.txt
[5.631s] -- Installing: /home/jaehyun-jeong/ros2-study/ros2_ws/install/my_robot_interfaces/lib/python3.12/site-packages/my_robot_interfaces-0.0.0-py3.12.egg-info/PKG-INFO
[5.631s] -- Installing: /home/jaehyun-jeong/ros2-study/ros2_ws/install/my_robot_interfaces/lib/python3.12/site-packages/my_robot_interfaces-0.0.0-py3.12.egg-info/dependency_links.txt
[5.631s] -- Up-to-date: /home/jaehyun-jeong/ros2-study/ros2_ws/install/my_robot_interfaces/lib/python3.12/site-packages/my_robot_interfaces
[5.631s] -- Installing: /home/jaehyun-jeong/ros2-study/ros2_ws/install/my_robot_interfaces/lib/python3.12/site-packages/my_robot_interfaces/my_robot_interfaces_s__rosidl_typesupport_fastrtps_c.so
[5.631s] -- Installing: /home/jaehyun-jeong/ros2-study/ros2_ws/install/my_robot_interfaces/lib/python3.12/site-packages/my_robot_interfaces/_my_robot_interfaces_s.ep.rosidl_typesupport_introspection_c.c
[5.631s] -- Installing: /home/jaehyun-jeong/ros2-study/ros2_ws/install/my_robot_interfaces/lib/python3.12/site-packages/my_robot_interfaces/_my_robot_interfaces_s.ep.rosidl_typesupport_c.c
[5.632s] -- Installing: /home/jaehyun-jeong/ros2-study/ros2_ws/install/my_robot_interfaces/lib/python3.12/site-packages/my_robot_interfaces/my_robot_interfaces_s__rosidl_typesupport_introspection_c.so
[5.632s] -- Up-to-date: /home/jaehyun-jeong/ros2-study/ros2_ws/install/my_robot_interfaces/lib/python3.12/site-packages/my_robot_interfaces/msg
[5.632s] -- Installing: /home/jaehyun-jeong/ros2-study/ros2_ws/install/my_robot_interfaces/lib/python3.12/site-packages/my_robot_interfaces/msg/_hardware_status.py
[5.632s] -- Installing: /home/jaehyun-jeong/ros2-study/ros2_ws/install/my_robot_interfaces/lib/python3.12/site-packages/my_robot_interfaces/msg/_hardware_status_s.c
[5.632s] -- Installing: /home/jaehyun-jeong/ros2-study/ros2_ws/install/my_robot_interfaces/lib/python3.12/site-packages/my_robot_interfaces/msg/__init__.py
[5.632s] -- Installing: /home/jaehyun-jeong/ros2-study/ros2_ws/install/my_robot_interfaces/lib/python3.12/site-packages/my_robot_interfaces/__init__.py
[5.633s] -- Installing: /home/jaehyun-jeong/ros2-study/ros2_ws/install/my_robot_interfaces/lib/python3.12/site-packages/my_robot_interfaces/_my_robot_interfaces_s.ep.rosidl_typesupport_fastrtps_c.c
[5.633s] -- Installing: /home/jaehyun-jeong/ros2-study/ros2_ws/install/my_robot_interfaces/lib/python3.12/site-packages/my_robot_interfaces/srv
[5.633s] -- Installing: /home/jaehyun-jeong/ros2-study/ros2_ws/install/my_robot_interfaces/lib/python3.12/site-packages/my_robot_interfaces/srv/__init__.py
[5.633s] -- Installing: /home/jaehyun-jeong/ros2-study/ros2_ws/install/my_robot_interfaces/lib/python3.12/site-packages/my_robot_interfaces/srv/_compute_rectangle_area.py
[5.633s] -- Installing: /home/jaehyun-jeong/ros2-study/ros2_ws/install/my_robot_interfaces/lib/python3.12/site-packages/my_robot_interfaces/srv/_compute_rectangle_area_s.c
[5.633s] -- Installing: /home/jaehyun-jeong/ros2-study/ros2_ws/install/my_robot_interfaces/lib/python3.12/site-packages/my_robot_interfaces/my_robot_interfaces_s__rosidl_typesupport_c.so
[5.681s] Listing '/home/jaehyun-jeong/ros2-study/ros2_ws/install/my_robot_interfaces/lib/python3.12/site-packages/my_robot_interfaces'...
[5.681s] Compiling '/home/jaehyun-jeong/ros2-study/ros2_ws/install/my_robot_interfaces/lib/python3.12/site-packages/my_robot_interfaces/__init__.py'...
[5.682s] Listing '/home/jaehyun-jeong/ros2-study/ros2_ws/install/my_robot_interfaces/lib/python3.12/site-packages/my_robot_interfaces/msg'...
[5.682s] Compiling '/home/jaehyun-jeong/ros2-study/ros2_ws/install/my_robot_interfaces/lib/python3.12/site-packages/my_robot_interfaces/msg/__init__.py'...
[5.682s] Compiling '/home/jaehyun-jeong/ros2-study/ros2_ws/install/my_robot_interfaces/lib/python3.12/site-packages/my_robot_interfaces/msg/_hardware_status.py'...
[5.682s] Listing '/home/jaehyun-jeong/ros2-study/ros2_ws/install/my_robot_interfaces/lib/python3.12/site-packages/my_robot_interfaces/srv'...
[5.682s] Compiling '/home/jaehyun-jeong/ros2-study/ros2_ws/install/my_robot_interfaces/lib/python3.12/site-packages/my_robot_interfaces/srv/__init__.py'...
[5.682s] Compiling '/home/jaehyun-jeong/ros2-study/ros2_ws/install/my_robot_interfaces/lib/python3.12/site-packages/my_robot_interfaces/srv/_compute_rectangle_area.py'...
[5.688s] -- Installing: /home/jaehyun-jeong/ros2-study/ros2_ws/install/my_robot_interfaces/lib/python3.12/site-packages/my_robot_interfaces/my_robot_interfaces_s__rosidl_typesupport_fastrtps_c.so
[5.688s] -- Set non-toolchain portion of runtime path of "/home/jaehyun-jeong/ros2-study/ros2_ws/install/my_robot_interfaces/lib/python3.12/site-packages/my_robot_interfaces/my_robot_interfaces_s__rosidl_typesupport_fastrtps_c.so" to ""
[5.688s] -- Installing: /home/jaehyun-jeong/ros2-study/ros2_ws/install/my_robot_interfaces/lib/python3.12/site-packages/my_robot_interfaces/my_robot_interfaces_s__rosidl_typesupport_introspection_c.so
[5.689s] -- Set non-toolchain portion of runtime path of "/home/jaehyun-jeong/ros2-study/ros2_ws/install/my_robot_interfaces/lib/python3.12/site-packages/my_robot_interfaces/my_robot_interfaces_s__rosidl_typesupport_introspection_c.so" to ""
[5.689s] -- Installing: /home/jaehyun-jeong/ros2-study/ros2_ws/install/my_robot_interfaces/lib/python3.12/site-packages/my_robot_interfaces/my_robot_interfaces_s__rosidl_typesupport_c.so
[5.690s] -- Set non-toolchain portion of runtime path of "/home/jaehyun-jeong/ros2-study/ros2_ws/install/my_robot_interfaces/lib/python3.12/site-packages/my_robot_interfaces/my_robot_interfaces_s__rosidl_typesupport_c.so" to ""
[5.690s] -- Installing: /home/jaehyun-jeong/ros2-study/ros2_ws/install/my_robot_interfaces/lib/libmy_robot_interfaces__rosidl_generator_py.so
[5.691s] -- Set non-toolchain portion of runtime path of "/home/jaehyun-jeong/ros2-study/ros2_ws/install/my_robot_interfaces/lib/libmy_robot_interfaces__rosidl_generator_py.so" to ""
[5.691s] -- Up-to-date: /home/jaehyun-jeong/ros2-study/ros2_ws/install/my_robot_interfaces/share/my_robot_interfaces/msg/HardwareStatus.idl
[5.691s] -- Installing: /home/jaehyun-jeong/ros2-study/ros2_ws/install/my_robot_interfaces/share/my_robot_interfaces/srv/ComputeRectangleArea.idl
[5.691s] -- Up-to-date: /home/jaehyun-jeong/ros2-study/ros2_ws/install/my_robot_interfaces/share/my_robot_interfaces/msg/HardwareStatus.msg
[5.692s] -- Installing: /home/jaehyun-jeong/ros2-study/ros2_ws/install/my_robot_interfaces/share/my_robot_interfaces/srv/ComputeRectangleArea.srv
[5.692s] -- Up-to-date: /home/jaehyun-jeong/ros2-study/ros2_ws/install/my_robot_interfaces/share/ament_index/resource_index/package_run_dependencies/my_robot_interfaces
[5.692s] -- Installing: /home/jaehyun-jeong/ros2-study/ros2_ws/install/my_robot_interfaces/share/ament_index/resource_index/parent_prefix_path/my_robot_interfaces
[5.692s] -- Up-to-date: /home/jaehyun-jeong/ros2-study/ros2_ws/install/my_robot_interfaces/share/my_robot_interfaces/environment/ament_prefix_path.sh
[5.692s] -- Up-to-date: /home/jaehyun-jeong/ros2-study/ros2_ws/install/my_robot_interfaces/share/my_robot_interfaces/environment/ament_prefix_path.dsv
[5.692s] -- Up-to-date: /home/jaehyun-jeong/ros2-study/ros2_ws/install/my_robot_interfaces/share/my_robot_interfaces/environment/path.sh
[5.692s] -- Up-to-date: /home/jaehyun-jeong/ros2-study/ros2_ws/install/my_robot_interfaces/share/my_robot_interfaces/environment/path.dsv
[5.692s] -- Up-to-date: /home/jaehyun-jeong/ros2-study/ros2_ws/install/my_robot_interfaces/share/my_robot_interfaces/local_setup.bash
[5.692s] -- Up-to-date: /home/jaehyun-jeong/ros2-study/ros2_ws/install/my_robot_interfaces/share/my_robot_interfaces/local_setup.sh
[5.692s] -- Up-to-date: /home/jaehyun-jeong/ros2-study/ros2_ws/install/my_robot_interfaces/share/my_robot_interfaces/local_setup.zsh
[5.692s] -- Up-to-date: /home/jaehyun-jeong/ros2-study/ros2_ws/install/my_robot_interfaces/share/my_robot_interfaces/local_setup.dsv
[5.693s] -- Installing: /home/jaehyun-jeong/ros2-study/ros2_ws/install/my_robot_interfaces/share/my_robot_interfaces/package.dsv
[5.693s] -- Up-to-date: /home/jaehyun-jeong/ros2-study/ros2_ws/install/my_robot_interfaces/share/ament_index/resource_index/packages/my_robot_interfaces
[5.693s] -- Old export file "/home/jaehyun-jeong/ros2-study/ros2_ws/install/my_robot_interfaces/share/my_robot_interfaces/cmake/export_my_robot_interfaces__rosidl_generator_cExport.cmake" will be replaced.  Removing files [/home/jaehyun-jeong/ros2-study/ros2_ws/install/my_robot_interfaces/share/my_robot_interfaces/cmake/export_my_robot_interfaces__rosidl_generator_cExport-noconfig.cmake].
[5.693s] -- Installing: /home/jaehyun-jeong/ros2-study/ros2_ws/install/my_robot_interfaces/share/my_robot_interfaces/cmake/export_my_robot_interfaces__rosidl_generator_cExport.cmake
[5.693s] -- Installing: /home/jaehyun-jeong/ros2-study/ros2_ws/install/my_robot_interfaces/share/my_robot_interfaces/cmake/export_my_robot_interfaces__rosidl_generator_cExport-noconfig.cmake
[5.693s] -- Old export file "/home/jaehyun-jeong/ros2-study/ros2_ws/install/my_robot_interfaces/share/my_robot_interfaces/cmake/export_my_robot_interfaces__rosidl_typesupport_fastrtps_cExport.cmake" will be replaced.  Removing files [/home/jaehyun-jeong/ros2-study/ros2_ws/install/my_robot_interfaces/share/my_robot_interfaces/cmake/export_my_robot_interfaces__rosidl_typesupport_fastrtps_cExport-noconfig.cmake].
[5.693s] -- Installing: /home/jaehyun-jeong/ros2-study/ros2_ws/install/my_robot_interfaces/share/my_robot_interfaces/cmake/export_my_robot_interfaces__rosidl_typesupport_fastrtps_cExport.cmake
[5.693s] -- Installing: /home/jaehyun-jeong/ros2-study/ros2_ws/install/my_robot_interfaces/share/my_robot_interfaces/cmake/export_my_robot_interfaces__rosidl_typesupport_fastrtps_cExport-noconfig.cmake
[5.694s] -- Old export file "/home/jaehyun-jeong/ros2-study/ros2_ws/install/my_robot_interfaces/share/my_robot_interfaces/cmake/my_robot_interfaces__rosidl_typesupport_introspection_cExport.cmake" will be replaced.  Removing files [/home/jaehyun-jeong/ros2-study/ros2_ws/install/my_robot_interfaces/share/my_robot_interfaces/cmake/my_robot_interfaces__rosidl_typesupport_introspection_cExport-noconfig.cmake].
[5.694s] -- Installing: /home/jaehyun-jeong/ros2-study/ros2_ws/install/my_robot_interfaces/share/my_robot_interfaces/cmake/my_robot_interfaces__rosidl_typesupport_introspection_cExport.cmake
[5.694s] -- Installing: /home/jaehyun-jeong/ros2-study/ros2_ws/install/my_robot_interfaces/share/my_robot_interfaces/cmake/my_robot_interfaces__rosidl_typesupport_introspection_cExport-noconfig.cmake
[5.694s] -- Old export file "/home/jaehyun-jeong/ros2-study/ros2_ws/install/my_robot_interfaces/share/my_robot_interfaces/cmake/my_robot_interfaces__rosidl_typesupport_cExport.cmake" will be replaced.  Removing files [/home/jaehyun-jeong/ros2-study/ros2_ws/install/my_robot_interfaces/share/my_robot_interfaces/cmake/my_robot_interfaces__rosidl_typesupport_cExport-noconfig.cmake].
[5.694s] -- Installing: /home/jaehyun-jeong/ros2-study/ros2_ws/install/my_robot_interfaces/share/my_robot_interfaces/cmake/my_robot_interfaces__rosidl_typesupport_cExport.cmake
[5.695s] -- Installing: /home/jaehyun-jeong/ros2-study/ros2_ws/install/my_robot_interfaces/share/my_robot_interfaces/cmake/my_robot_interfaces__rosidl_typesupport_cExport-noconfig.cmake
[5.695s] -- Installing: /home/jaehyun-jeong/ros2-study/ros2_ws/install/my_robot_interfaces/share/my_robot_interfaces/cmake/export_my_robot_interfaces__rosidl_generator_cppExport.cmake
[5.695s] -- Old export file "/home/jaehyun-jeong/ros2-study/ros2_ws/install/my_robot_interfaces/share/my_robot_interfaces/cmake/export_my_robot_interfaces__rosidl_typesupport_fastrtps_cppExport.cmake" will be replaced.  Removing files [/home/jaehyun-jeong/ros2-study/ros2_ws/install/my_robot_interfaces/share/my_robot_interfaces/cmake/export_my_robot_interfaces__rosidl_typesupport_fastrtps_cppExport-noconfig.cmake].
[5.695s] -- Installing: /home/jaehyun-jeong/ros2-study/ros2_ws/install/my_robot_interfaces/share/my_robot_interfaces/cmake/export_my_robot_interfaces__rosidl_typesupport_fastrtps_cppExport.cmake
[5.695s] -- Installing: /home/jaehyun-jeong/ros2-study/ros2_ws/install/my_robot_interfaces/share/my_robot_interfaces/cmake/export_my_robot_interfaces__rosidl_typesupport_fastrtps_cppExport-noconfig.cmake
[5.696s] -- Old export file "/home/jaehyun-jeong/ros2-study/ros2_ws/install/my_robot_interfaces/share/my_robot_interfaces/cmake/my_robot_interfaces__rosidl_typesupport_introspection_cppExport.cmake" will be replaced.  Removing files [/home/jaehyun-jeong/ros2-study/ros2_ws/install/my_robot_interfaces/share/my_robot_interfaces/cmake/my_robot_interfaces__rosidl_typesupport_introspection_cppExport-noconfig.cmake].
[5.696s] -- Installing: /home/jaehyun-jeong/ros2-study/ros2_ws/install/my_robot_interfaces/share/my_robot_interfaces/cmake/my_robot_interfaces__rosidl_typesupport_introspection_cppExport.cmake
[5.696s] -- Installing: /home/jaehyun-jeong/ros2-study/ros2_ws/install/my_robot_interfaces/share/my_robot_interfaces/cmake/my_robot_interfaces__rosidl_typesupport_introspection_cppExport-noconfig.cmake
[5.696s] -- Old export file "/home/jaehyun-jeong/ros2-study/ros2_ws/install/my_robot_interfaces/share/my_robot_interfaces/cmake/my_robot_interfaces__rosidl_typesupport_cppExport.cmake" will be replaced.  Removing files [/home/jaehyun-jeong/ros2-study/ros2_ws/install/my_robot_interfaces/share/my_robot_interfaces/cmake/my_robot_interfaces__rosidl_typesupport_cppExport-noconfig.cmake].
[5.696s] -- Installing: /home/jaehyun-jeong/ros2-study/ros2_ws/install/my_robot_interfaces/share/my_robot_interfaces/cmake/my_robot_interfaces__rosidl_typesupport_cppExport.cmake
[5.697s] -- Installing: /home/jaehyun-jeong/ros2-study/ros2_ws/install/my_robot_interfaces/share/my_robot_interfaces/cmake/my_robot_interfaces__rosidl_typesupport_cppExport-noconfig.cmake
[5.697s] -- Up-to-date: /home/jaehyun-jeong/ros2-study/ros2_ws/install/my_robot_interfaces/share/my_robot_interfaces/cmake/export_my_robot_interfaces__rosidl_generator_pyExport.cmake
[5.697s] -- Installing: /home/jaehyun-jeong/ros2-study/ros2_ws/install/my_robot_interfaces/share/my_robot_interfaces/cmake/export_my_robot_interfaces__rosidl_generator_pyExport-noconfig.cmake
[5.697s] -- Installing: /home/jaehyun-jeong/ros2-study/ros2_ws/install/my_robot_interfaces/share/my_robot_interfaces/cmake/rosidl_cmake-extras.cmake
[5.698s] -- Installing: /home/jaehyun-jeong/ros2-study/ros2_ws/install/my_robot_interfaces/share/my_robot_interfaces/cmake/ament_cmake_export_dependencies-extras.cmake
[5.698s] -- Up-to-date: /home/jaehyun-jeong/ros2-study/ros2_ws/install/my_robot_interfaces/share/my_robot_interfaces/cmake/ament_cmake_export_include_directories-extras.cmake
[5.698s] -- Up-to-date: /home/jaehyun-jeong/ros2-study/ros2_ws/install/my_robot_interfaces/share/my_robot_interfaces/cmake/ament_cmake_export_libraries-extras.cmake
[5.698s] -- Up-to-date: /home/jaehyun-jeong/ros2-study/ros2_ws/install/my_robot_interfaces/share/my_robot_interfaces/cmake/ament_cmake_export_targets-extras.cmake
[5.698s] -- Up-to-date: /home/jaehyun-jeong/ros2-study/ros2_ws/install/my_robot_interfaces/share/my_robot_interfaces/cmake/rosidl_cmake_export_typesupport_targets-extras.cmake
[5.699s] -- Up-to-date: /home/jaehyun-jeong/ros2-study/ros2_ws/install/my_robot_interfaces/share/my_robot_interfaces/cmake/rosidl_cmake_export_typesupport_libraries-extras.cmake
[5.699s] -- Installing: /home/jaehyun-jeong/ros2-study/ros2_ws/install/my_robot_interfaces/share/my_robot_interfaces/cmake/my_robot_interfacesConfig.cmake
[5.699s] -- Up-to-date: /home/jaehyun-jeong/ros2-study/ros2_ws/install/my_robot_interfaces/share/my_robot_interfaces/cmake/my_robot_interfacesConfig-version.cmake
[5.699s] -- Up-to-date: /home/jaehyun-jeong/ros2-study/ros2_ws/install/my_robot_interfaces/share/my_robot_interfaces/package.xml
[5.701s] Invoked command in '/home/jaehyun-jeong/ros2-study/ros2_ws/build/my_robot_interfaces' returned '0': CMAKE_PREFIX_PATH=${CMAKE_PREFIX_PATH}:/home/jaehyun-jeong/ros2-study/ros2_ws/install/my_py_pkg:/opt/ros/jazzy DEBUGINFOD_URLS=https://debuginfod.ubuntu.com /usr/bin/cmake --install /home/jaehyun-jeong/ros2-study/ros2_ws/build/my_robot_interfaces
