[1.173s] Invoking command in '/home/jaehyun-jeong/ros2-study/ros2_ws/src/my_py_pkg': DEBUGINFOD_URLS=https://debuginfod.ubuntu.com PYTHONPATH=/home/jaehyun-jeong/ros2-study/ros2_ws/build/my_py_pkg/prefix_override:/usr/lib/python3/dist-packages/colcon_core/task/python/colcon_distutils_commands:/home/jaehyun-jeong/ros2-study/ros2_ws/install/my_py_pkg/lib/python3.12/site-packages:${PYTHONPATH} /usr/bin/python3 -W ignore:setup.py install is deprecated -W ignore:easy_install command is deprecated setup.py egg_info --egg-base ../../build/my_py_pkg build --build-base /home/jaehyun-jeong/ros2-study/ros2_ws/build/my_py_pkg/build install --record /home/jaehyun-jeong/ros2-study/ros2_ws/build/my_py_pkg/install.log --single-version-externally-managed install_data
[1.491s] running egg_info
[1.514s] writing ../../build/my_py_pkg/my_py_pkg.egg-info/PKG-INFO
[1.515s] writing dependency_links to ../../build/my_py_pkg/my_py_pkg.egg-info/dependency_links.txt
[1.515s] writing requirements to ../../build/my_py_pkg/my_py_pkg.egg-info/requires.txt
[1.515s] writing top-level names to ../../build/my_py_pkg/my_py_pkg.egg-info/top_level.txt
[1.563s] reading manifest file '../../build/my_py_pkg/my_py_pkg.egg-info/SOURCES.txt'
[1.564s] writing manifest file '../../build/my_py_pkg/my_py_pkg.egg-info/SOURCES.txt'
[1.564s] running build
[1.564s] running build_py
[1.565s] copying my_py_pkg/hardware_status_publisher.py -> /home/jaehyun-jeong/ros2-study/ros2_ws/build/my_py_pkg/build/lib/my_py_pkg
[1.565s] copying my_py_pkg/template_python_node.py -> /home/jaehyun-jeong/ros2-study/ros2_ws/build/my_py_pkg/build/lib/my_py_pkg
[1.565s] running install
[1.572s] running install_lib
[1.596s] copying /home/jaehyun-jeong/ros2-study/ros2_ws/build/my_py_pkg/build/lib/my_py_pkg/hardware_status_publisher.py -> /home/jaehyun-jeong/ros2-study/ros2_ws/install/my_py_pkg/lib/python3.12/site-packages/my_py_pkg
[1.596s] copying /home/jaehyun-jeong/ros2-study/ros2_ws/build/my_py_pkg/build/lib/my_py_pkg/template_python_node.py -> /home/jaehyun-jeong/ros2-study/ros2_ws/install/my_py_pkg/lib/python3.12/site-packages/my_py_pkg
[1.596s] byte-compiling /home/jaehyun-jeong/ros2-study/ros2_ws/install/my_py_pkg/lib/python3.12/site-packages/my_py_pkg/hardware_status_publisher.py to hardware_status_publisher.cpython-312.pyc
[1.596s] byte-compiling /home/jaehyun-jeong/ros2-study/ros2_ws/install/my_py_pkg/lib/python3.12/site-packages/my_py_pkg/template_python_node.py to template_python_node.cpython-312.pyc
[1.597s] running install_data
[1.597s] running install_egg_info
[1.624s] removing '/home/jaehyun-jeong/ros2-study/ros2_ws/install/my_py_pkg/lib/python3.12/site-packages/my_py_pkg-0.0.0-py3.12.egg-info' (and everything under it)
[1.625s] Copying ../../build/my_py_pkg/my_py_pkg.egg-info to /home/jaehyun-jeong/ros2-study/ros2_ws/install/my_py_pkg/lib/python3.12/site-packages/my_py_pkg-0.0.0-py3.12.egg-info
[1.625s] running install_scripts
[1.784s] writing list of installed files to '/home/jaehyun-jeong/ros2-study/ros2_ws/build/my_py_pkg/install.log'
[1.819s] Invoked command in '/home/jaehyun-jeong/ros2-study/ros2_ws/src/my_py_pkg' returned '0': DEBUGINFOD_URLS=https://debuginfod.ubuntu.com PYTHONPATH=/home/jaehyun-jeong/ros2-study/ros2_ws/build/my_py_pkg/prefix_override:/usr/lib/python3/dist-packages/colcon_core/task/python/colcon_distutils_commands:/home/jaehyun-jeong/ros2-study/ros2_ws/install/my_py_pkg/lib/python3.12/site-packages:${PYTHONPATH} /usr/bin/python3 -W ignore:setup.py install is deprecated -W ignore:easy_install command is deprecated setup.py egg_info --egg-base ../../build/my_py_pkg build --build-base /home/jaehyun-jeong/ros2-study/ros2_ws/build/my_py_pkg/build install --record /home/jaehyun-jeong/ros2-study/ros2_ws/build/my_py_pkg/install.log --single-version-externally-managed install_data
